BOSE|2023:02:06:17:29:05:903|MARKET_INITIALIZATION
EUR: 71280
USD: 158113
YEN: 733050
YUAN: 37557
END_MARKET_INITIALIZATION
BOSE|2023:02:06:17:29:07:279|LOCK_BUY-Trader-KIND_TO_BUY:USD-QUANTITY_TO_BUY:999.9-BID:979.8587-TOKEN:4ccf7c5e-22fc-4c8e-8169-10fb3158dddf
BOSE|2023:02:06:17:29:07:279|BUY-TOKEN:4ccf7c5e-22fc-4c8e-8169-10fb3158dddf-OK
BOSE|2023:02:06:17:29:07:280|LOCK_BUY-Trader-KIND_TO_BUY:USD-QUANTITY_TO_BUY:901.9142-BID:883.84906-TOKEN:960b469d-b631-4f5e-8df6-202de9664a2d
BOSE|2023:02:06:17:29:07:281|BUY-TOKEN:960b469d-b631-4f5e-8df6-202de9664a2d-OK
BOSE|2023:02:06:17:29:07:282|LOCK_BUY-Trader-KIND_TO_BUY:USD-QUANTITY_TO_BUY:813.52924-BID:797.2443-TOKEN:093a4531-bb5a-4ba5-85de-cbd9f869bca7
BOSE|2023:02:06:17:29:07:282|BUY-TOKEN:093a4531-bb5a-4ba5-85de-cbd9f869bca7-OK
BOSE|2023:02:06:17:29:07:283|LOCK_BUY-Trader-KIND_TO_BUY:USD-QUANTITY_TO_BUY:733.8048-BID:719.12384-TOKEN:fe785817-5d2c-47ac-bdf3-19a7e90aff0f
BOSE|2023:02:06:17:29:07:283|BUY-TOKEN:fe785817-5d2c-47ac-bdf3-19a7e90aff0f-OK
BOSE|2023:02:06:17:29:07:284|LOCK_BUY-Trader-KIND_TO_BUY:USD-QUANTITY_TO_BUY:661.89246-BID:648.6568-TOKEN:37a6038e-ac9a-4bd7-9ac6-c9f944b44627
BOSE|2023:02:06:17:29:07:284|BUY-TOKEN:37a6038e-ac9a-4bd7-9ac6-c9f944b44627-OK
BOSE|2023:02:06:17:29:07:285|LOCK_BUY-Trader-KIND_TO_BUY:USD-QUANTITY_TO_BUY:597.02673-BID:585.09357-TOKEN:55004bd2-a167-433f-92cb-ec9ef9be533e
BOSE|2023:02:06:17:29:07:285|BUY-TOKEN:55004bd2-a167-433f-92cb-ec9ef9be533e-OK
BOSE|2023:02:06:17:29:07:286|LOCK_BUY-Trader-KIND_TO_BUY:USD-QUANTITY_TO_BUY:538.5174-BID:527.758-TOKEN:6ed6d18f-987b-4bdf-b324-af6654673b25
BOSE|2023:02:06:17:29:07:286|BUY-TOKEN:6ed6d18f-987b-4bdf-b324-af6654673b25-OK
BOSE|2023:02:06:17:29:07:287|LOCK_BUY-Trader-KIND_TO_BUY:USD-QUANTITY_TO_BUY:485.7416-BID:476.04016-TOKEN:7f6e5391-495a-4954-9e53-b83702acf5f9
BOSE|2023:02:06:17:29:07:287|BUY-TOKEN:7f6e5391-495a-4954-9e53-b83702acf5f9-OK
BOSE|2023:02:06:17:29:07:288|LOCK_BUY-Trader-KIND_TO_BUY:USD-QUANTITY_TO_BUY:438.1376-BID:429.38983-TOKEN:6d3b8991-289c-48db-927e-c77a336f9b80
BOSE|2023:02:06:17:29:07:289|BUY-TOKEN:6d3b8991-289c-48db-927e-c77a336f9b80-OK
BOSE|2023:02:06:17:29:07:289|LOCK_BUY-Trader-KIND_TO_BUY:USD-QUANTITY_TO_BUY:395.1986-BID:387.31046-TOKEN:1b83821f-b420-40d9-a07e-fd1091f4d17e
BOSE|2023:02:06:17:29:07:290|BUY-TOKEN:1b83821f-b420-40d9-a07e-fd1091f4d17e-OK
BOSE|2023:02:06:17:29:09:731|LOCK_BUY-Trader-KIND_TO_BUY:USD-QUANTITY_TO_BUY:356.46756-BID:349.3544-TOKEN:aef29b50-e416-4b33-9426-34b62c85b1be
BOSE|2023:02:06:17:29:09:731|BUY-TOKEN:aef29b50-e416-4b33-9426-34b62c85b1be-OK
BOSE|2023:02:06:17:29:09:732|LOCK_BUY-Trader-KIND_TO_BUY:USD-QUANTITY_TO_BUY:321.5321-BID:315.1176-TOKEN:d76b9252-5e5f-422c-8c96-8629a7119b04
BOSE|2023:02:06:17:29:09:732|BUY-TOKEN:d76b9252-5e5f-422c-8c96-8629a7119b04-OK
BOSE|2023:02:06:17:29:09:733|LOCK_BUY-Trader-KIND_TO_BUY:USD-QUANTITY_TO_BUY:290.02032-BID:284.23575-TOKEN:9e1a7f9d-e756-4a3e-a6c1-82f000613fc5
BOSE|2023:02:06:17:29:09:733|BUY-TOKEN:9e1a7f9d-e756-4a3e-a6c1-82f000613fc5-OK
BOSE|2023:02:06:17:29:09:734|LOCK_BUY-Trader-KIND_TO_BUY:USD-QUANTITY_TO_BUY:261.59674-BID:256.3801-TOKEN:44dd9bd3-df1f-46ff-b5bb-330a23e4c51e
BOSE|2023:02:06:17:29:09:734|BUY-TOKEN:44dd9bd3-df1f-46ff-b5bb-330a23e4c51e-OK
BOSE|2023:02:06:17:29:09:735|LOCK_BUY-Trader-KIND_TO_BUY:USD-QUANTITY_TO_BUY:235.95874-BID:231.2542-TOKEN:0ddf90b7-e2dd-41ba-8147-7cb281b1a646
BOSE|2023:02:06:17:29:09:735|BUY-TOKEN:0ddf90b7-e2dd-41ba-8147-7cb281b1a646-OK
BOSE|2023:02:06:17:29:09:736|LOCK_BUY-Trader-KIND_TO_BUY:USD-QUANTITY_TO_BUY:212.83333-BID:208.59055-TOKEN:a1d24e4f-9850-46d8-84f6-b81eff7c8f18
BOSE|2023:02:06:17:29:09:736|BUY-TOKEN:a1d24e4f-9850-46d8-84f6-b81eff7c8f18-OK
BOSE|2023:02:06:17:29:09:737|LOCK_BUY-Trader-KIND_TO_BUY:USD-QUANTITY_TO_BUY:191.97427-BID:188.14786-TOKEN:07b1b420-a0e7-4b75-a21c-23867e112ee7
BOSE|2023:02:06:17:29:09:738|BUY-TOKEN:07b1b420-a0e7-4b75-a21c-23867e112ee7-OK
BOSE|2023:02:06:17:29:09:738|LOCK_BUY-Trader-KIND_TO_BUY:USD-QUANTITY_TO_BUY:173.15948-BID:169.70853-TOKEN:2fb0dff1-a991-4138-a8a8-6c7264592e26
BOSE|2023:02:06:17:29:09:739|BUY-TOKEN:2fb0dff1-a991-4138-a8a8-6c7264592e26-OK
BOSE|2023:02:06:17:29:09:740|LOCK_BUY-Trader-KIND_TO_BUY:USD-QUANTITY_TO_BUY:156.18863-BID:153.07625-TOKEN:3734f6dc-1fb1-418d-b373-3bbf62d9437e
BOSE|2023:02:06:17:29:09:740|BUY-TOKEN:3734f6dc-1fb1-418d-b373-3bbf62d9437e-OK
BOSE|2023:02:06:17:29:09:741|LOCK_BUY-Trader-KIND_TO_BUY:USD-QUANTITY_TO_BUY:140.88101-BID:138.07397-TOKEN:fb71fb71-8f2b-4632-957c-21a5b058204d
BOSE|2023:02:06:17:29:09:741|BUY-TOKEN:fb71fb71-8f2b-4632-957c-21a5b058204d-OK
BOSE|2023:02:06:17:29:10:160|LOCK_BUY-Trader-KIND_TO_BUY:USD-QUANTITY_TO_BUY:127.07361-BID:124.54193-TOKEN:a2c7a7de-aa1a-4334-856a-c712b074c626
BOSE|2023:02:06:17:29:10:160|BUY-TOKEN:a2c7a7de-aa1a-4334-856a-c712b074c626-OK
BOSE|2023:02:06:17:29:10:161|LOCK_BUY-Trader-KIND_TO_BUY:USD-QUANTITY_TO_BUY:114.61941-BID:112.33605-TOKEN:98a09c47-4ca4-4e94-8edb-16549a22a747
BOSE|2023:02:06:17:29:10:161|BUY-TOKEN:98a09c47-4ca4-4e94-8edb-16549a22a747-OK
BOSE|2023:02:06:17:29:10:162|LOCK_BUY-Trader-KIND_TO_BUY:USD-QUANTITY_TO_BUY:103.3858-BID:101.32639-TOKEN:3d7aa043-c9ee-4a54-b2b5-4248f9e175be
BOSE|2023:02:06:17:29:10:162|BUY-TOKEN:3d7aa043-c9ee-4a54-b2b5-4248f9e175be-OK
BOSE|2023:02:06:17:29:10:163|LOCK_BUY-Trader-KIND_TO_BUY:USD-QUANTITY_TO_BUY:93.25316-BID:91.39571-TOKEN:be0d543a-5406-470c-9967-037ce1fd485b
BOSE|2023:02:06:17:29:10:163|BUY-TOKEN:be0d543a-5406-470c-9967-037ce1fd485b-OK
BOSE|2023:02:06:17:29:10:164|LOCK_BUY-Trader-KIND_TO_BUY:USD-QUANTITY_TO_BUY:84.113594-BID:82.4383-TOKEN:7107695f-cd86-4d72-a144-80d216f1381b
BOSE|2023:02:06:17:29:10:164|BUY-TOKEN:7107695f-cd86-4d72-a144-80d216f1381b-OK
BOSE|2023:02:06:17:29:10:165|LOCK_BUY-Trader-KIND_TO_BUY:USD-QUANTITY_TO_BUY:75.86977-BID:74.35876-TOKEN:dd9bf366-161b-40a7-82f2-cef40970daf1
BOSE|2023:02:06:17:29:10:165|BUY-TOKEN:dd9bf366-161b-40a7-82f2-cef40970daf1-OK
BOSE|2023:02:06:17:29:10:167|LOCK_BUY-Trader-KIND_TO_BUY:USD-QUANTITY_TO_BUY:68.43388-BID:67.07103-TOKEN:3635c0f5-0b1a-4982-8434-54a2928a3f97
BOSE|2023:02:06:17:29:10:167|BUY-TOKEN:3635c0f5-0b1a-4982-8434-54a2928a3f97-OK
BOSE|2023:02:06:17:29:10:168|LOCK_BUY-Trader-KIND_TO_BUY:USD-QUANTITY_TO_BUY:61.726784-BID:60.497562-TOKEN:376c4b99-28d9-4cc7-9759-72909dddeb9d
BOSE|2023:02:06:17:29:10:168|BUY-TOKEN:376c4b99-28d9-4cc7-9759-72909dddeb9d-OK
BOSE|2023:02:06:17:29:10:169|LOCK_BUY-Trader-KIND_TO_BUY:USD-QUANTITY_TO_BUY:55.677025-BID:54.56832-TOKEN:9ed18a81-097d-473d-9b82-ad39d467d6d1
BOSE|2023:02:06:17:29:10:169|BUY-TOKEN:9ed18a81-097d-473d-9b82-ad39d467d6d1-OK
BOSE|2023:02:06:17:29:10:170|LOCK_BUY-Trader-KIND_TO_BUY:USD-QUANTITY_TO_BUY:50.220192-BID:49.22019-TOKEN:fccbc231-3362-4fb9-8ef2-68f88fbb11f5
BOSE|2023:02:06:17:29:10:170|BUY-TOKEN:fccbc231-3362-4fb9-8ef2-68f88fbb11f5-OK
BOSE|2023:02:06:17:29:10:501|LOCK_BUY-Trader-KIND_TO_BUY:USD-QUANTITY_TO_BUY:45.298176-BID:44.396214-TOKEN:651a5a6e-952c-4d0f-97ed-705fe1618fe5
BOSE|2023:02:06:17:29:10:501|BUY-TOKEN:651a5a6e-952c-4d0f-97ed-705fe1618fe5-OK
BOSE|2023:02:06:17:29:10:502|LOCK_BUY-Trader-KIND_TO_BUY:USD-QUANTITY_TO_BUY:40.858555-BID:40.045013-TOKEN:b1968da2-95e3-4f01-8574-f978925c561c
BOSE|2023:02:06:17:29:10:502|BUY-TOKEN:b1968da2-95e3-4f01-8574-f978925c561c-OK
BOSE|2023:02:06:17:29:10:503|LOCK_BUY-Trader-KIND_TO_BUY:USD-QUANTITY_TO_BUY:36.854053-BID:36.12027-TOKEN:d44416fb-d08b-4664-a9fa-d394fb4dd1d0
BOSE|2023:02:06:17:29:10:503|BUY-TOKEN:d44416fb-d08b-4664-a9fa-d394fb4dd1d0-OK
BOSE|2023:02:06:17:29:10:504|LOCK_BUY-Trader-KIND_TO_BUY:USD-QUANTITY_TO_BUY:33.242027-BID:32.580177-TOKEN:b095402f-2897-4d50-8aed-b605169f5491
BOSE|2023:02:06:17:29:10:504|BUY-TOKEN:b095402f-2897-4d50-8aed-b605169f5491-OK
BOSE|2023:02:06:17:29:10:505|LOCK_BUY-Trader-KIND_TO_BUY:USD-QUANTITY_TO_BUY:29.984009-BID:29.387041-TOKEN:e16f78b4-1775-4e68-b97b-dfefd46a62da
BOSE|2023:02:06:17:29:10:505|BUY-TOKEN:e16f78b4-1775-4e68-b97b-dfefd46a62da-OK
BOSE|2023:02:06:17:29:10:506|LOCK_BUY-Trader-KIND_TO_BUY:USD-QUANTITY_TO_BUY:27.045303-BID:26.506855-TOKEN:3745834b-6e87-4e32-b817-26c3d114795b
BOSE|2023:02:06:17:29:10:507|BUY-TOKEN:3745834b-6e87-4e32-b817-26c3d114795b-OK
BOSE|2023:02:06:17:29:10:508|LOCK_BUY-Trader-KIND_TO_BUY:USD-QUANTITY_TO_BUY:24.394619-BID:23.908953-TOKEN:43227e7b-48c7-4a82-8c31-de151c4159d6
BOSE|2023:02:06:17:29:10:508|BUY-TOKEN:43227e7b-48c7-4a82-8c31-de151c4159d6-OK
BOSE|2023:02:06:17:29:10:509|LOCK_BUY-Trader-KIND_TO_BUY:USD-QUANTITY_TO_BUY:22.003723-BID:21.565662-TOKEN:7474d85d-1a12-465f-9bae-0457aa2b823b
BOSE|2023:02:06:17:29:10:509|BUY-TOKEN:7474d85d-1a12-465f-9bae-0457aa2b823b-OK
BOSE|2023:02:06:17:29:10:510|LOCK_BUY-Trader-KIND_TO_BUY:USD-QUANTITY_TO_BUY:19.847157-BID:19.452034-TOKEN:ce922250-be53-4448-9685-d36a5b441381
BOSE|2023:02:06:17:29:10:510|BUY-TOKEN:ce922250-be53-4448-9685-d36a5b441381-OK
BOSE|2023:02:06:17:29:10:511|LOCK_BUY-Trader-KIND_TO_BUY:USD-QUANTITY_TO_BUY:17.901953-BID:17.54556-TOKEN:9d3be804-123f-4f13-b732-9b09f9310235
BOSE|2023:02:06:17:29:10:511|BUY-TOKEN:9d3be804-123f-4f13-b732-9b09f9310235-OK
BOSE|2023:02:06:17:29:10:691|LOCK_BUY-Trader-KIND_TO_BUY:USD-QUANTITY_TO_BUY:16.147396-BID:15.825938-TOKEN:f27551dc-5252-451a-a4b0-2b55c967fdb7
BOSE|2023:02:06:17:29:10:691|BUY-TOKEN:f27551dc-5252-451a-a4b0-2b55c967fdb7-OK
BOSE|2023:02:06:17:29:10:692|LOCK_BUY-Trader-KIND_TO_BUY:USD-QUANTITY_TO_BUY:14.564802-BID:14.274853-TOKEN:8e3d5890-8ec3-426d-8dcd-6451fa6c8878
BOSE|2023:02:06:17:29:10:692|BUY-TOKEN:8e3d5890-8ec3-426d-8dcd-6451fa6c8878-OK
BOSE|2023:02:06:17:29:10:693|LOCK_BUY-Trader-KIND_TO_BUY:USD-QUANTITY_TO_BUY:13.137317-BID:12.875787-TOKEN:7e540370-38c2-4253-b6b3-0aba896ab15b
BOSE|2023:02:06:17:29:10:693|BUY-TOKEN:7e540370-38c2-4253-b6b3-0aba896ab15b-OK
BOSE|2023:02:06:17:29:10:694|LOCK_BUY-Trader-KIND_TO_BUY:USD-QUANTITY_TO_BUY:11.849738-BID:11.613842-TOKEN:a605b329-409f-4647-8835-7525a62a2f42
BOSE|2023:02:06:17:29:10:694|BUY-TOKEN:a605b329-409f-4647-8835-7525a62a2f42-OK
BOSE|2023:02:06:17:29:10:695|LOCK_BUY-Trader-KIND_TO_BUY:USD-QUANTITY_TO_BUY:10.6883545-BID:10.475581-TOKEN:1fe75df7-93ff-47ef-92f7-2eae7bdf03a6
BOSE|2023:02:06:17:29:10:695|BUY-TOKEN:1fe75df7-93ff-47ef-92f7-2eae7bdf03a6-OK
BOSE|2023:02:06:17:29:10:696|LOCK_BUY-Trader-KIND_TO_BUY:USD-QUANTITY_TO_BUY:9.640797-BID:9.448878-TOKEN:a91956ee-c6a7-4ea7-b3c2-036165597996
BOSE|2023:02:06:17:29:10:696|BUY-TOKEN:a91956ee-c6a7-4ea7-b3c2-036165597996-OK
BOSE|2023:02:06:17:29:10:697|LOCK_BUY-Trader-KIND_TO_BUY:USD-QUANTITY_TO_BUY:8.6959095-BID:8.522801-TOKEN:18d15666-4d7d-4da2-be86-ef3a70abe7ca
BOSE|2023:02:06:17:29:10:698|BUY-TOKEN:18d15666-4d7d-4da2-be86-ef3a70abe7ca-OK
BOSE|2023:02:06:17:29:10:699|LOCK_BUY-Trader-KIND_TO_BUY:USD-QUANTITY_TO_BUY:7.843629-BID:7.687488-TOKEN:75da6d3e-9e0f-41c5-9719-cdc8e81e0958
BOSE|2023:02:06:17:29:10:699|BUY-TOKEN:75da6d3e-9e0f-41c5-9719-cdc8e81e0958-OK
BOSE|2023:02:06:17:29:10:700|LOCK_BUY-Trader-KIND_TO_BUY:USD-QUANTITY_TO_BUY:7.07488-BID:6.9340434-TOKEN:498cfab8-8742-46db-9b76-3b95b1bcd47b
BOSE|2023:02:06:17:29:10:700|BUY-TOKEN:498cfab8-8742-46db-9b76-3b95b1bcd47b-OK
BOSE|2023:02:06:17:29:10:701|LOCK_BUY-Trader-KIND_TO_BUY:USD-QUANTITY_TO_BUY:6.381476-BID:6.2544427-TOKEN:2061b73c-ea30-4276-a9a6-f1575faed15b
BOSE|2023:02:06:17:29:10:702|BUY-TOKEN:2061b73c-ea30-4276-a9a6-f1575faed15b-OK
BOSE|2023:02:06:17:29:10:852|LOCK_BUY-Trader-KIND_TO_BUY:USD-QUANTITY_TO_BUY:5.7560315-BID:5.641449-TOKEN:37f0b27f-7775-42fd-86af-5f9ed0f2c342
BOSE|2023:02:06:17:29:10:852|BUY-TOKEN:37f0b27f-7775-42fd-86af-5f9ed0f2c342-OK
BOSE|2023:02:06:17:29:10:853|LOCK_BUY-Trader-KIND_TO_BUY:USD-QUANTITY_TO_BUY:5.1918864-BID:5.0885344-TOKEN:9fb7eecd-0d0b-4f22-b387-38c718288edf
BOSE|2023:02:06:17:29:10:853|BUY-TOKEN:9fb7eecd-0d0b-4f22-b387-38c718288edf-OK
BOSE|2023:02:06:17:29:10:854|LOCK_BUY-Trader-KIND_TO_BUY:USD-QUANTITY_TO_BUY:4.683033-BID:4.589811-TOKEN:7a18245b-3a52-484b-b27c-6f8126dc1159
BOSE|2023:02:06:17:29:10:854|BUY-TOKEN:7a18245b-3a52-484b-b27c-6f8126dc1159-OK
BOSE|2023:02:06:17:29:10:855|LOCK_BUY-Trader-KIND_TO_BUY:USD-QUANTITY_TO_BUY:4.224052-BID:4.1399665-TOKEN:ce0e3397-85a4-488f-a1c7-f692f060e241
BOSE|2023:02:06:17:29:10:855|BUY-TOKEN:ce0e3397-85a4-488f-a1c7-f692f060e241-OK
BOSE|2023:02:06:17:29:10:856|LOCK_BUY-Trader-KIND_TO_BUY:USD-QUANTITY_TO_BUY:3.8100555-BID:3.7342114-TOKEN:090fca71-6ea5-45cd-96cf-c993d8b2de5e
BOSE|2023:02:06:17:29:10:857|BUY-TOKEN:090fca71-6ea5-45cd-96cf-c993d8b2de5e-OK
BOSE|2023:02:06:17:29:10:857|LOCK_BUY-Trader-KIND_TO_BUY:USD-QUANTITY_TO_BUY:3.4366345-BID:3.3682244-TOKEN:5bb39170-8571-4da1-8bf8-28489feb2bc5
BOSE|2023:02:06:17:29:10:858|BUY-TOKEN:5bb39170-8571-4da1-8bf8-28489feb2bc5-OK
BOSE|2023:02:06:17:29:10:859|LOCK_BUY-Trader-KIND_TO_BUY:USD-QUANTITY_TO_BUY:3.099812-BID:3.0381067-TOKEN:4aeab6e7-1f51-42ff-9996-63a186df0cb0
BOSE|2023:02:06:17:29:10:859|BUY-TOKEN:4aeab6e7-1f51-42ff-9996-63a186df0cb0-OK
BOSE|2023:02:06:17:29:10:860|LOCK_BUY-Trader-KIND_TO_BUY:USD-QUANTITY_TO_BUY:2.7960012-BID:2.7403438-TOKEN:0f45455e-a9ff-4d6a-9174-168b20bbd417
BOSE|2023:02:06:17:29:10:860|BUY-TOKEN:0f45455e-a9ff-4d6a-9174-168b20bbd417-OK
BOSE|2023:02:06:17:29:10:861|LOCK_BUY-Trader-KIND_TO_BUY:USD-QUANTITY_TO_BUY:2.521967-BID:2.4717648-TOKEN:fc9c2e70-9d66-4004-b5a7-9ed63354b728
BOSE|2023:02:06:17:29:10:861|BUY-TOKEN:fc9c2e70-9d66-4004-b5a7-9ed63354b728-OK
BOSE|2023:02:06:17:29:10:862|LOCK_BUY-Trader-KIND_TO_BUY:USD-QUANTITY_TO_BUY:2.2747903-BID:2.2295086-TOKEN:32451ab6-8a95-4abf-b8b1-65c61b84f0c2
BOSE|2023:02:06:17:29:10:862|BUY-TOKEN:32451ab6-8a95-4abf-b8b1-65c61b84f0c2-OK
BOSE|2023:02:06:17:29:11:015|LOCK_BUY-Trader-KIND_TO_BUY:USD-QUANTITY_TO_BUY:2.0518394-BID:2.0109956-TOKEN:40a03045-f8c3-4950-8fbe-5ef292893643
BOSE|2023:02:06:17:29:11:015|BUY-TOKEN:40a03045-f8c3-4950-8fbe-5ef292893643-OK
BOSE|2023:02:06:17:29:11:016|LOCK_BUY-Trader-KIND_TO_BUY:USD-QUANTITY_TO_BUY:1.8507398-BID:1.813899-TOKEN:115662a9-0c1f-4c28-8ab2-bc80b3ca9cbc
BOSE|2023:02:06:17:29:11:016|BUY-TOKEN:115662a9-0c1f-4c28-8ab2-bc80b3ca9cbc-OK
BOSE|2023:02:06:17:29:11:017|LOCK_BUY-Trader-KIND_TO_BUY:USD-QUANTITY_TO_BUY:1.66935-BID:1.6361201-TOKEN:5eda3939-71e9-4609-a44c-63053103b1ef
BOSE|2023:02:06:17:29:11:017|BUY-TOKEN:5eda3939-71e9-4609-a44c-63053103b1ef-OK
BOSE|2023:02:06:17:29:11:018|LOCK_BUY-Trader-KIND_TO_BUY:USD-QUANTITY_TO_BUY:1.505738-BID:1.4757649-TOKEN:5f158786-4060-4c48-85d4-04dccada3ce6
BOSE|2023:02:06:17:29:11:018|BUY-TOKEN:5f158786-4060-4c48-85d4-04dccada3ce6-OK
BOSE|2023:02:06:17:29:11:019|LOCK_BUY-Trader-KIND_TO_BUY:USD-QUANTITY_TO_BUY:1.3581616-BID:1.3311261-TOKEN:d627bcf8-0426-461c-9b36-c4e0ff323894
BOSE|2023:02:06:17:29:11:019|BUY-TOKEN:d627bcf8-0426-461c-9b36-c4e0ff323894-OK
BOSE|2023:02:06:17:29:11:020|LOCK_BUY-Trader-KIND_TO_BUY:USD-QUANTITY_TO_BUY:1.2250489-BID:1.2006632-TOKEN:c23f7b08-d91e-4155-be81-e719f301825f
BOSE|2023:02:06:17:29:11:020|BUY-TOKEN:c23f7b08-d91e-4155-be81-e719f301825f-OK
BOSE|2023:02:06:17:29:11:021|LOCK_BUY-Trader-KIND_TO_BUY:USD-QUANTITY_TO_BUY:1.1049826-BID:1.0829868-TOKEN:7ee72a91-4d0b-4a8e-8ae6-b0522219fe3f
BOSE|2023:02:06:17:29:11:021|BUY-TOKEN:7ee72a91-4d0b-4a8e-8ae6-b0522219fe3f-OK
BOSE|2023:02:06:17:29:11:022|LOCK_BUY-Trader-KIND_TO_BUY:USD-QUANTITY_TO_BUY:0.9966839-BID:0.97684395-TOKEN:915cc443-7135-4f5d-842f-273675177aab
BOSE|2023:02:06:17:29:11:023|BUY-TOKEN:915cc443-7135-4f5d-842f-273675177aab-OK
BOSE|2023:02:06:17:29:11:023|LOCK_BUY-Trader-KIND_TO_BUY:USD-QUANTITY_TO_BUY:0.8989995-BID:0.88110405-TOKEN:6f9c89c4-0187-48d3-b874-61be6322dd7f
BOSE|2023:02:06:17:29:11:024|BUY-TOKEN:6f9c89c4-0187-48d3-b874-61be6322dd7f-OK
BOSE|2023:02:06:17:29:11:024|LOCK_BUY-Trader-KIND_TO_BUY:USD-QUANTITY_TO_BUY:0.81088907-BID:0.79474753-TOKEN:274db663-ec19-4a15-a60f-cd77be162aa5
BOSE|2023:02:06:17:29:11:025|BUY-TOKEN:274db663-ec19-4a15-a60f-cd77be162aa5-OK
BOSE|2023:02:06:17:29:11:173|LOCK_BUY-Trader-KIND_TO_BUY:USD-QUANTITY_TO_BUY:0.7314143-BID:0.7168548-TOKEN:70554092-3e60-4584-b0c9-de690508db3c
BOSE|2023:02:06:17:29:11:173|BUY-TOKEN:70554092-3e60-4584-b0c9-de690508db3c-OK
BOSE|2023:02:06:17:29:11:174|LOCK_BUY-Trader-KIND_TO_BUY:USD-QUANTITY_TO_BUY:0.6597288-BID:0.6465963-TOKEN:ea6de00c-8068-4b0b-9a99-08473ac703de
BOSE|2023:02:06:17:29:11:174|BUY-TOKEN:ea6de00c-8068-4b0b-9a99-08473ac703de-OK
BOSE|2023:02:06:17:29:11:175|LOCK_BUY-Trader-KIND_TO_BUY:USD-QUANTITY_TO_BUY:0.59506917-BID:0.58322376-TOKEN:97dc3313-91c8-4332-9ad9-0e75af4a4f01
BOSE|2023:02:06:17:29:11:175|BUY-TOKEN:97dc3313-91c8-4332-9ad9-0e75af4a4f01-OK
BOSE|2023:02:06:17:29:11:176|LOCK_BUY-Trader-KIND_TO_BUY:USD-QUANTITY_TO_BUY:0.5367468-BID:0.5260623-TOKEN:3b3d053f-7841-4586-9feb-330bbd69aa1b
BOSE|2023:02:06:17:29:11:176|BUY-TOKEN:3b3d053f-7841-4586-9feb-330bbd69aa1b-OK
BOSE|2023:02:06:17:29:11:177|LOCK_BUY-Trader-KIND_TO_BUY:USD-QUANTITY_TO_BUY:0.48414055-BID:0.47450328-TOKEN:679f0760-eb00-4f2f-92a0-d57580c68970
BOSE|2023:02:06:17:29:11:177|BUY-TOKEN:679f0760-eb00-4f2f-92a0-d57580c68970-OK
BOSE|2023:02:06:17:29:11:178|LOCK_BUY-Trader-KIND_TO_BUY:USD-QUANTITY_TO_BUY:0.43669024-BID:0.42799753-TOKEN:305dc84c-235a-45cc-92e4-1d85374bfac4
BOSE|2023:02:06:17:29:11:178|BUY-TOKEN:305dc84c-235a-45cc-92e4-1d85374bfac4-OK
BOSE|2023:02:06:17:29:11:179|LOCK_BUY-Trader-KIND_TO_BUY:USD-QUANTITY_TO_BUY:0.39389047-BID:0.38604972-TOKEN:c6f6ca23-88ac-46e6-acd2-c14644c486e8
BOSE|2023:02:06:17:29:11:180|BUY-TOKEN:c6f6ca23-88ac-46e6-acd2-c14644c486e8-OK
BOSE|2023:02:06:17:29:11:181|LOCK_BUY-Trader-KIND_TO_BUY:USD-QUANTITY_TO_BUY:0.3552855-BID:0.3482132-TOKEN:596416ac-ec74-4703-acde-815f3ec9011c
BOSE|2023:02:06:17:29:11:181|BUY-TOKEN:596416ac-ec74-4703-acde-815f3ec9011c-OK
BOSE|2023:02:06:17:29:11:182|LOCK_BUY-Trader-KIND_TO_BUY:USD-QUANTITY_TO_BUY:0.3204642-BID:0.31408507-TOKEN:0c01f6bf-72b7-4b2a-9655-4fdd2729f04e
BOSE|2023:02:06:17:29:11:182|BUY-TOKEN:0c01f6bf-72b7-4b2a-9655-4fdd2729f04e-OK
BOSE|2023:02:06:17:29:11:183|LOCK_BUY-Trader-KIND_TO_BUY:USD-QUANTITY_TO_BUY:0.28905568-BID:0.28330174-TOKEN:f073d1e7-3b9c-4e0d-a3d8-d2eff0332a07
BOSE|2023:02:06:17:29:11:183|BUY-TOKEN:f073d1e7-3b9c-4e0d-a3d8-d2eff0332a07-OK
BOSE|2023:02:06:17:29:11:326|LOCK_BUY-Trader-KIND_TO_BUY:USD-QUANTITY_TO_BUY:0.2607255-BID:0.2555355-TOKEN:3261c32b-6225-414f-8fb2-d2de2480fcb5
BOSE|2023:02:06:17:29:11:326|BUY-TOKEN:3261c32b-6225-414f-8fb2-d2de2480fcb5-OK
BOSE|2023:02:06:17:29:11:327|LOCK_BUY-Trader-KIND_TO_BUY:USD-QUANTITY_TO_BUY:0.23517194-BID:0.23049062-TOKEN:c49bb51a-eee0-49ee-a1d7-d79787b4052a
BOSE|2023:02:06:17:29:11:327|BUY-TOKEN:c49bb51a-eee0-49ee-a1d7-d79787b4052a-OK
BOSE|2023:02:06:17:29:11:328|LOCK_BUY-Trader-KIND_TO_BUY:USD-QUANTITY_TO_BUY:0.21212287-BID:0.20790038-TOKEN:5473d4d9-a8e7-4d2d-8fb8-7cb102fc7a6e
BOSE|2023:02:06:17:29:11:328|BUY-TOKEN:5473d4d9-a8e7-4d2d-8fb8-7cb102fc7a6e-OK
BOSE|2023:02:06:17:29:11:329|LOCK_BUY-Trader-KIND_TO_BUY:USD-QUANTITY_TO_BUY:0.19133283-BID:0.18752417-TOKEN:404d314a-fbe0-4fa5-a799-1182c7f17c79
BOSE|2023:02:06:17:29:11:329|BUY-TOKEN:404d314a-fbe0-4fa5-a799-1182c7f17c79-OK
BOSE|2023:02:06:17:29:11:330|LOCK_BUY-Trader-KIND_TO_BUY:USD-QUANTITY_TO_BUY:0.1725804-BID:0.16914503-TOKEN:96884c82-1e89-484c-8a25-fc3b1911b046
BOSE|2023:02:06:17:29:11:330|BUY-TOKEN:96884c82-1e89-484c-8a25-fc3b1911b046-OK
BOSE|2023:02:06:17:29:11:331|LOCK_BUY-Trader-KIND_TO_BUY:USD-QUANTITY_TO_BUY:0.1556659-BID:0.15256724-TOKEN:b747655b-48aa-4219-a1a2-ea7a4539a361
BOSE|2023:02:06:17:29:11:331|BUY-TOKEN:b747655b-48aa-4219-a1a2-ea7a4539a361-OK
BOSE|2023:02:06:17:29:11:332|LOCK_BUY-Trader-KIND_TO_BUY:USD-QUANTITY_TO_BUY:0.14040919-BID:0.1376142-TOKEN:f2daac09-dc24-462c-90e3-e8a536e0adc5
BOSE|2023:02:06:17:29:11:332|BUY-TOKEN:f2daac09-dc24-462c-90e3-e8a536e0adc5-OK
BOSE|2023:02:06:17:29:11:333|LOCK_BUY-Trader-KIND_TO_BUY:USD-QUANTITY_TO_BUY:0.12664776-BID:0.12412671-TOKEN:3e52a947-7611-44b5-a716-47070f7de067
BOSE|2023:02:06:17:29:11:333|BUY-TOKEN:3e52a947-7611-44b5-a716-47070f7de067-OK
BOSE|2023:02:06:17:29:11:334|LOCK_BUY-Trader-KIND_TO_BUY:USD-QUANTITY_TO_BUY:0.11423509-BID:0.11196113-TOKEN:705c8287-d536-4b4f-9f2b-28ee72eed25b
BOSE|2023:02:06:17:29:11:334|BUY-TOKEN:705c8287-d536-4b4f-9f2b-28ee72eed25b-OK
BOSE|2023:02:06:17:29:11:335|LOCK_BUY-Trader-KIND_TO_BUY:USD-QUANTITY_TO_BUY:0.10303898-BID:0.1009879-TOKEN:bc1821a7-1eeb-4038-992d-fe75e541466d
BOSE|2023:02:06:17:29:11:336|BUY-TOKEN:bc1821a7-1eeb-4038-992d-fe75e541466d-OK
BOSE|2023:02:06:17:29:11:497|LOCK_BUY-Trader-KIND_TO_BUY:USD-QUANTITY_TO_BUY:0.09294019-BID:0.09109012-TOKEN:b5dda1f9-36f2-4523-afd8-f3f1c9a9fd97
BOSE|2023:02:06:17:29:11:497|BUY-TOKEN:b5dda1f9-36f2-4523-afd8-f3f1c9a9fd97-OK
BOSE|2023:02:06:17:29:11:498|LOCK_BUY-Trader-KIND_TO_BUY:USD-QUANTITY_TO_BUY:0.083831176-BID:0.08216243-TOKEN:9b3459bb-5e2f-47f8-8d9f-dcbb9be97214
BOSE|2023:02:06:17:29:11:498|BUY-TOKEN:9b3459bb-5e2f-47f8-8d9f-dcbb9be97214-OK
BOSE|2023:02:06:17:29:11:499|LOCK_BUY-Trader-KIND_TO_BUY:USD-QUANTITY_TO_BUY:0.07561493-BID:0.07410975-TOKEN:05b94d42-9d1c-4e95-b66f-34b7cef146f4
BOSE|2023:02:06:17:29:11:499|BUY-TOKEN:05b94d42-9d1c-4e95-b66f-34b7cef146f4-OK
BOSE|2023:02:06:17:29:11:500|LOCK_BUY-Trader-KIND_TO_BUY:USD-QUANTITY_TO_BUY:0.068203956-BID:0.066846296-TOKEN:6ecba12c-b274-4c36-ac39-84abd77e1794
BOSE|2023:02:06:17:29:11:500|BUY-TOKEN:6ecba12c-b274-4c36-ac39-84abd77e1794-OK
BOSE|2023:02:06:17:29:11:501|LOCK_BUY-Trader-KIND_TO_BUY:USD-QUANTITY_TO_BUY:0.061519325-BID:0.060294725-TOKEN:1bda4925-145b-49c9-b948-38e2bd585826
BOSE|2023:02:06:17:29:11:501|BUY-TOKEN:1bda4925-145b-49c9-b948-38e2bd585826-OK
BOSE|2023:02:06:17:29:11:502|LOCK_BUY-Trader-KIND_TO_BUY:USD-QUANTITY_TO_BUY:0.05548985-BID:0.05438527-TOKEN:a17de62c-f9c7-4929-bb84-68e00d1b796a
BOSE|2023:02:06:17:29:11:502|BUY-TOKEN:a17de62c-f9c7-4929-bb84-68e00d1b796a-OK
BOSE|2023:02:06:17:29:11:503|LOCK_BUY-Trader-KIND_TO_BUY:USD-QUANTITY_TO_BUY:0.050051324-BID:0.049055003-TOKEN:0b259854-aaba-43a8-abc8-92a6a6935289
BOSE|2023:02:06:17:29:11:504|BUY-TOKEN:0b259854-aaba-43a8-abc8-92a6a6935289-OK
BOSE|2023:02:06:17:29:11:504|LOCK_BUY-Trader-KIND_TO_BUY:USD-QUANTITY_TO_BUY:0.045145825-BID:0.044247154-TOKEN:3a2a5f5c-eb08-4180-a61e-bf1151457680
BOSE|2023:02:06:17:29:11:505|BUY-TOKEN:3a2a5f5c-eb08-4180-a61e-bf1151457680-OK
BOSE|2023:02:06:17:29:11:505|LOCK_BUY-Trader-KIND_TO_BUY:USD-QUANTITY_TO_BUY:0.04072111-BID:0.039910518-TOKEN:053eeafe-0513-4584-8d52-f481e865dc38
BOSE|2023:02:06:17:29:11:506|BUY-TOKEN:053eeafe-0513-4584-8d52-f481e865dc38-OK
BOSE|2023:02:06:17:29:11:506|LOCK_BUY-Trader-KIND_TO_BUY:USD-QUANTITY_TO_BUY:0.03673006-BID:0.035998914-TOKEN:bd161679-1df0-4d85-8890-f350ef25e14c
BOSE|2023:02:06:17:29:11:507|BUY-TOKEN:bd161679-1df0-4d85-8890-f350ef25e14c-OK
BOSE|2023:02:06:17:29:11:652|LOCK_BUY-Trader-KIND_TO_BUY:USD-QUANTITY_TO_BUY:0.033130165-BID:0.032470677-TOKEN:ff2c943a-7656-4623-b69e-6e82497d57c6
BOSE|2023:02:06:17:29:11:652|BUY-TOKEN:ff2c943a-7656-4623-b69e-6e82497d57c6-OK
BOSE|2023:02:06:17:29:11:653|LOCK_BUY-Trader-KIND_TO_BUY:USD-QUANTITY_TO_BUY:0.029883098-BID:0.029288245-TOKEN:f060bdbe-4011-4105-bcd7-e98494dbb30b
BOSE|2023:02:06:17:29:11:653|BUY-TOKEN:f060bdbe-4011-4105-bcd7-e98494dbb30b-OK
BOSE|2023:02:06:17:29:11:654|LOCK_BUY-Trader-KIND_TO_BUY:USD-QUANTITY_TO_BUY:0.026954275-BID:0.026417725-TOKEN:4b5ddbcc-1b25-46e7-82a7-cd84d15b69e1
BOSE|2023:02:06:17:29:11:654|BUY-TOKEN:4b5ddbcc-1b25-46e7-82a7-cd84d15b69e1-OK
BOSE|2023:02:06:17:29:11:655|LOCK_BUY-Trader-KIND_TO_BUY:USD-QUANTITY_TO_BUY:0.024312502-BID:0.023828538-TOKEN:9eaabc30-0cea-4733-8abe-4a3522fbeb91
BOSE|2023:02:06:17:29:11:655|BUY-TOKEN:9eaabc30-0cea-4733-8abe-4a3522fbeb91-OK
BOSE|2023:02:06:17:29:11:656|LOCK_BUY-Trader-KIND_TO_BUY:USD-QUANTITY_TO_BUY:0.021929648-BID:0.021493118-TOKEN:9dd10ce2-b842-4168-b343-5aeb4774e66f
BOSE|2023:02:06:17:29:11:656|BUY-TOKEN:9dd10ce2-b842-4168-b343-5aeb4774e66f-OK
BOSE|2023:02:06:17:29:11:657|LOCK_BUY-Trader-KIND_TO_BUY:USD-QUANTITY_TO_BUY:0.019780336-BID:0.01938659-TOKEN:45fbf981-63db-4ac8-9a2a-cdf886f0e63f
BOSE|2023:02:06:17:29:11:657|BUY-TOKEN:45fbf981-63db-4ac8-9a2a-cdf886f0e63f-OK
BOSE|2023:02:06:17:29:11:658|LOCK_BUY-Trader-KIND_TO_BUY:USD-QUANTITY_TO_BUY:0.017841678-BID:0.017486522-TOKEN:c7db1d42-ca78-4177-9c91-7c81bf9d00f2
BOSE|2023:02:06:17:29:11:659|BUY-TOKEN:c7db1d42-ca78-4177-9c91-7c81bf9d00f2-OK
BOSE|2023:02:06:17:29:11:660|LOCK_BUY-Trader-KIND_TO_BUY:USD-QUANTITY_TO_BUY:0.016093025-BID:0.015772678-TOKEN:1cf821f3-6f00-4166-9b17-da51e9eb0df0
BOSE|2023:02:06:17:29:11:660|BUY-TOKEN:1cf821f3-6f00-4166-9b17-da51e9eb0df0-OK
BOSE|2023:02:06:17:29:11:661|LOCK_BUY-Trader-KIND_TO_BUY:USD-QUANTITY_TO_BUY:0.014515758-BID:0.014226807-TOKEN:2b56497e-db6a-4390-aeb6-68e114f015fb
BOSE|2023:02:06:17:29:11:661|BUY-TOKEN:2b56497e-db6a-4390-aeb6-68e114f015fb-OK
BOSE|2023:02:06:17:29:11:662|LOCK_BUY-Trader-KIND_TO_BUY:USD-QUANTITY_TO_BUY:0.013093077-BID:0.012832447-TOKEN:b03be602-0239-4b82-814e-ca78af0b2fe8
BOSE|2023:02:06:17:29:11:662|BUY-TOKEN:b03be602-0239-4b82-814e-ca78af0b2fe8-OK
BOSE|2023:02:06:17:29:11:830|LOCK_BUY-Trader-KIND_TO_BUY:USD-QUANTITY_TO_BUY:0.0118098315-BID:0.011574745-TOKEN:1a196d7d-7c97-4a11-9534-3d71629e9ef6
BOSE|2023:02:06:17:29:11:830|BUY-TOKEN:1a196d7d-7c97-4a11-9534-3d71629e9ef6-OK
BOSE|2023:02:06:17:29:11:831|LOCK_BUY-Trader-KIND_TO_BUY:USD-QUANTITY_TO_BUY:0.010652358-BID:0.010440312-TOKEN:0f18b51a-a428-4608-98fc-75f873b619f8
BOSE|2023:02:06:17:29:11:831|BUY-TOKEN:0f18b51a-a428-4608-98fc-75f873b619f8-OK
BOSE|2023:02:06:17:29:11:832|LOCK_BUY-Trader-KIND_TO_BUY:USD-QUANTITY_TO_BUY:0.0096083265-BID:0.009417064-TOKEN:f31debe3-dcc2-48ac-ba0f-ace9f0d63b7c
BOSE|2023:02:06:17:29:11:832|BUY-TOKEN:f31debe3-dcc2-48ac-ba0f-ace9f0d63b7c-OK
BOSE|2023:02:06:17:29:11:833|LOCK_BUY-Trader-KIND_TO_BUY:USD-QUANTITY_TO_BUY:0.00866662-BID:0.008494102-TOKEN:a30de174-cda0-44d9-9242-0d9873de39ef
BOSE|2023:02:06:17:29:11:833|BUY-TOKEN:a30de174-cda0-44d9-9242-0d9873de39ef-OK
BOSE|2023:02:06:17:29:11:834|LOCK_BUY-Trader-KIND_TO_BUY:USD-QUANTITY_TO_BUY:0.00781721-BID:0.0076616006-TOKEN:c350e102-be40-443c-a32a-7185ecf68042
BOSE|2023:02:06:17:29:11:834|BUY-TOKEN:c350e102-be40-443c-a32a-7185ecf68042-OK
BOSE|2023:02:06:17:29:11:835|LOCK_BUY-Trader-KIND_TO_BUY:USD-QUANTITY_TO_BUY:0.0070510493-BID:0.0069106915-TOKEN:307bd725-0a6c-45a4-bc8a-7f3f33a4091c
BOSE|2023:02:06:17:29:11:835|BUY-TOKEN:307bd725-0a6c-45a4-bc8a-7f3f33a4091c-OK
BOSE|2023:02:06:17:29:11:836|LOCK_BUY-Trader-KIND_TO_BUY:USD-QUANTITY_TO_BUY:0.0063599804-BID:0.0062333792-TOKEN:6e93bceb-b102-4856-91c7-49cd0993c733
BOSE|2023:02:06:17:29:11:836|BUY-TOKEN:6e93bceb-b102-4856-91c7-49cd0993c733-OK
BOSE|2023:02:06:17:29:11:837|LOCK_BUY-Trader-KIND_TO_BUY:USD-QUANTITY_TO_BUY:0.0057366425-BID:0.0056224493-TOKEN:94b5279c-6aac-4b91-ad3b-584eac5f83dd
BOSE|2023:02:06:17:29:11:837|BUY-TOKEN:94b5279c-6aac-4b91-ad3b-584eac5f83dd-OK
BOSE|2023:02:06:17:29:11:838|LOCK_BUY-Trader-KIND_TO_BUY:USD-QUANTITY_TO_BUY:0.0051743975-BID:0.0050713965-TOKEN:55f541d9-5239-4287-863b-e82fd0aa2bd0
BOSE|2023:02:06:17:29:11:839|BUY-TOKEN:55f541d9-5239-4287-863b-e82fd0aa2bd0-OK
BOSE|2023:02:06:17:29:11:839|LOCK_BUY-Trader-KIND_TO_BUY:USD-QUANTITY_TO_BUY:0.0046672574-BID:0.0045743515-TOKEN:f5eb161b-8aad-4feb-8d65-1e9504e8a9e2
BOSE|2023:02:06:17:29:11:840|BUY-TOKEN:f5eb161b-8aad-4feb-8d65-1e9504e8a9e2-OK
BOSE|2023:02:06:17:29:11:983|LOCK_BUY-Trader-KIND_TO_BUY:USD-QUANTITY_TO_BUY:0.0042098225-BID:0.004126022-TOKEN:525868c3-acd6-4217-b185-297cae402c70
BOSE|2023:02:06:17:29:11:983|BUY-TOKEN:525868c3-acd6-4217-b185-297cae402c70-OK
BOSE|2023:02:06:17:29:11:984|LOCK_BUY-Trader-KIND_TO_BUY:USD-QUANTITY_TO_BUY:0.00379722-BID:0.0037216328-TOKEN:7bbba955-742d-49c6-b469-03a51034849b
BOSE|2023:02:06:17:29:11:984|BUY-TOKEN:7bbba955-742d-49c6-b469-03a51034849b-OK
BOSE|2023:02:06:17:29:11:985|LOCK_BUY-Trader-KIND_TO_BUY:USD-QUANTITY_TO_BUY:0.0034250568-BID:0.0033568777-TOKEN:073dc80c-c034-4851-b2d4-ab28cab29627
BOSE|2023:02:06:17:29:11:985|BUY-TOKEN:073dc80c-c034-4851-b2d4-ab28cab29627-OK
BOSE|2023:02:06:17:29:11:986|LOCK_BUY-Trader-KIND_TO_BUY:USD-QUANTITY_TO_BUY:0.003089369-BID:0.0030278722-TOKEN:3382537d-78ac-467e-9e2a-909117d983bf
BOSE|2023:02:06:17:29:11:986|BUY-TOKEN:3382537d-78ac-467e-9e2a-909117d983bf-OK
BOSE|2023:02:06:17:29:11:987|LOCK_BUY-Trader-KIND_TO_BUY:USD-QUANTITY_TO_BUY:0.0027865819-BID:0.0027311123-TOKEN:5b205ed6-534d-4f97-ad79-84229eabd932
BOSE|2023:02:06:17:29:11:987|BUY-TOKEN:5b205ed6-534d-4f97-ad79-84229eabd932-OK
BOSE|2023:02:06:17:29:11:988|LOCK_BUY-Trader-KIND_TO_BUY:USD-QUANTITY_TO_BUY:0.0025134706-BID:0.0024634376-TOKEN:973dc4d5-433a-4b1f-a67b-2605ef4ecddb
BOSE|2023:02:06:17:29:11:988|BUY-TOKEN:973dc4d5-433a-4b1f-a67b-2605ef4ecddb-OK
BOSE|2023:02:06:17:29:11:989|LOCK_BUY-Trader-KIND_TO_BUY:USD-QUANTITY_TO_BUY:0.002267127-BID:0.0022219978-TOKEN:105f654f-55fb-4c79-9268-e1f9cfaa5a3e
BOSE|2023:02:06:17:29:11:990|BUY-TOKEN:105f654f-55fb-4c79-9268-e1f9cfaa5a3e-OK
BOSE|2023:02:06:17:29:11:991|LOCK_BUY-Trader-KIND_TO_BUY:USD-QUANTITY_TO_BUY:0.002044927-BID:0.0020042208-TOKEN:eeb5fba2-b678-4e59-991f-a946874024ba
BOSE|2023:02:06:17:29:11:991|BUY-TOKEN:eeb5fba2-b678-4e59-991f-a946874024ba-OK
BOSE|2023:02:06:17:29:11:992|LOCK_BUY-Trader-KIND_TO_BUY:USD-QUANTITY_TO_BUY:0.0018445051-BID:0.0018077884-TOKEN:4c77aa56-4d64-4b54-be54-be3732a1055e
BOSE|2023:02:06:17:29:11:992|BUY-TOKEN:4c77aa56-4d64-4b54-be54-be3732a1055e-OK
BOSE|2023:02:06:17:29:11:993|LOCK_BUY-Trader-KIND_TO_BUY:USD-QUANTITY_TO_BUY:0.0016637262-BID:0.0016306081-TOKEN:d6f1585a-1ffb-464a-8e41-6547edbc1441
BOSE|2023:02:06:17:29:11:993|BUY-TOKEN:d6f1585a-1ffb-464a-8e41-6547edbc1441-OK
BOSE|2023:02:06:17:29:12:152|LOCK_BUY-Trader-KIND_TO_BUY:USD-QUANTITY_TO_BUY:0.0015006654-BID:0.0014707933-TOKEN:f3b87237-de09-4d36-a399-82dafe2eaaff
BOSE|2023:02:06:17:29:12:152|BUY-TOKEN:f3b87237-de09-4d36-a399-82dafe2eaaff-OK
BOSE|2023:02:06:17:29:12:153|LOCK_BUY-Trader-KIND_TO_BUY:USD-QUANTITY_TO_BUY:0.0013535861-BID:0.0013266416-TOKEN:3173f65d-abde-405d-bec9-34b59202627e
BOSE|2023:02:06:17:29:12:153|BUY-TOKEN:3173f65d-abde-405d-bec9-34b59202627e-OK
BOSE|2023:02:06:17:29:12:154|LOCK_BUY-Trader-KIND_TO_BUY:USD-QUANTITY_TO_BUY:0.0012209219-BID:0.0011966183-TOKEN:92466e2d-1f0b-49bb-9bf0-3884003c99e4
BOSE|2023:02:06:17:29:12:154|BUY-TOKEN:92466e2d-1f0b-49bb-9bf0-3884003c99e4-OK
BOSE|2023:02:06:17:29:12:155|LOCK_BUY-Trader-KIND_TO_BUY:USD-QUANTITY_TO_BUY:0.0011012601-BID:0.0010793384-TOKEN:44a69e1e-02f7-4c6c-a023-2a613e49c012
BOSE|2023:02:06:17:29:12:155|BUY-TOKEN:44a69e1e-02f7-4c6c-a023-2a613e49c012-OK
BOSE|2023:02:06:17:29:12:156|LOCK_BUY-Trader-KIND_TO_BUY:USD-QUANTITY_TO_BUY:0.0009933262-BID:0.0009735531-TOKEN:d0dc18ea-18a6-4a17-89c8-857b86f4aed0
BOSE|2023:02:06:17:29:12:156|BUY-TOKEN:d0dc18ea-18a6-4a17-89c8-857b86f4aed0-OK
BOSE|2023:02:06:17:29:12:157|LOCK_BUY-Trader-KIND_TO_BUY:USD-QUANTITY_TO_BUY:0.00089597085-BID:0.00087813573-TOKEN:d6163f5b-0a47-4b3c-b106-923d87c49a38
BOSE|2023:02:06:17:29:12:158|BUY-TOKEN:d6163f5b-0a47-4b3c-b106-923d87c49a38-OK
BOSE|2023:02:06:17:29:12:159|LOCK_BUY-Trader-KIND_TO_BUY:USD-QUANTITY_TO_BUY:0.0008081573-BID:0.0007920702-TOKEN:5a87b44f-480c-4bcf-a7a0-22cb28cc26bc
BOSE|2023:02:06:17:29:12:159|BUY-TOKEN:5a87b44f-480c-4bcf-a7a0-22cb28cc26bc-OK
BOSE|2023:02:06:17:29:12:160|LOCK_BUY-Trader-KIND_TO_BUY:USD-QUANTITY_TO_BUY:0.00072895025-BID:0.00071443984-TOKEN:7c3a796c-24f5-41e8-aae8-31bd51be1c4f
BOSE|2023:02:06:17:29:12:160|BUY-TOKEN:7c3a796c-24f5-41e8-aae8-31bd51be1c4f-OK
BOSE|2023:02:06:17:29:12:161|LOCK_BUY-Trader-KIND_TO_BUY:USD-QUANTITY_TO_BUY:0.0006575063-BID:0.000644418-TOKEN:392cb167-5fe1-4b0b-afac-bf8fd96cf477
BOSE|2023:02:06:17:29:12:161|BUY-TOKEN:392cb167-5fe1-4b0b-afac-bf8fd96cf477-OK
BOSE|2023:02:06:17:29:12:162|LOCK_BUY-Trader-KIND_TO_BUY:USD-QUANTITY_TO_BUY:0.00059306447-BID:0.00058125897-TOKEN:a1f3f4ba-43db-4b93-a85d-da43daf31da7
BOSE|2023:02:06:17:29:12:162|BUY-TOKEN:a1f3f4ba-43db-4b93-a85d-da43daf31da7-OK
BOSE|2023:02:06:17:29:12:337|LOCK_BUY-Trader-KIND_TO_BUY:USD-QUANTITY_TO_BUY:0.0005349386-BID:0.00052429014-TOKEN:3dea3aa5-6648-4892-916c-bfe7ec8a8f68
BOSE|2023:02:06:17:29:12:337|BUY-TOKEN:3dea3aa5-6648-4892-916c-bfe7ec8a8f68-OK
BOSE|2023:02:06:17:29:12:338|LOCK_BUY-Trader-KIND_TO_BUY:USD-QUANTITY_TO_BUY:0.00048250955-BID:0.00047290474-TOKEN:8596b367-392f-4396-b763-da67eab0d8f1
BOSE|2023:02:06:17:29:12:338|BUY-TOKEN:8596b367-392f-4396-b763-da67eab0d8f1-OK
BOSE|2023:02:06:17:29:12:339|LOCK_BUY-Trader-KIND_TO_BUY:USD-QUANTITY_TO_BUY:0.0004352191-BID:0.00042655563-TOKEN:00376c10-a45a-4560-bb51-2b1b7e73e749
BOSE|2023:02:06:17:29:12:339|BUY-TOKEN:00376c10-a45a-4560-bb51-2b1b7e73e749-OK
BOSE|2023:02:06:17:29:12:340|LOCK_BUY-Trader-KIND_TO_BUY:USD-QUANTITY_TO_BUY:0.00039256355-BID:0.0003847492-TOKEN:014c4442-b0eb-4298-ab25-081f1fe3db31
BOSE|2023:02:06:17:29:12:340|BUY-TOKEN:014c4442-b0eb-4298-ab25-081f1fe3db31-OK
BOSE|2023:02:06:17:29:12:341|LOCK_BUY-Trader-KIND_TO_BUY:USD-QUANTITY_TO_BUY:0.00035408864-BID:0.0003470402-TOKEN:c92982b6-c29e-4d97-9d37-01fcdffeece9
BOSE|2023:02:06:17:29:12:341|BUY-TOKEN:c92982b6-c29e-4d97-9d37-01fcdffeece9-OK
BOSE|2023:02:06:17:29:12:342|LOCK_BUY-Trader-KIND_TO_BUY:USD-QUANTITY_TO_BUY:0.00031938462-BID:0.00031302698-TOKEN:6f37237d-9f3c-4470-8995-185fa3a183ca
BOSE|2023:02:06:17:29:12:343|BUY-TOKEN:6f37237d-9f3c-4470-8995-185fa3a183ca-OK
BOSE|2023:02:06:17:29:12:344|LOCK_BUY-Trader-KIND_TO_BUY:USD-QUANTITY_TO_BUY:0.0002880819-BID:0.00028234735-TOKEN:82f77322-c62a-47ec-a970-9acd2507e418
BOSE|2023:02:06:17:29:12:344|BUY-TOKEN:82f77322-c62a-47ec-a970-9acd2507e418-OK
BOSE|2023:02:06:17:29:12:345|LOCK_BUY-Trader-KIND_TO_BUY:USD-QUANTITY_TO_BUY:0.00025984718-BID:0.0002546747-TOKEN:67b4030f-dcce-468a-9a0b-7e3cc4c9a097
BOSE|2023:02:06:17:29:12:345|BUY-TOKEN:67b4030f-dcce-468a-9a0b-7e3cc4c9a097-OK
BOSE|2023:02:06:17:29:12:346|LOCK_BUY-Trader-KIND_TO_BUY:USD-QUANTITY_TO_BUY:0.00023437971-BID:0.00022971416-TOKEN:fb7944c7-76de-4921-aaf4-6b8a0af904cd
BOSE|2023:02:06:17:29:12:346|BUY-TOKEN:fb7944c7-76de-4921-aaf4-6b8a0af904cd-OK
BOSE|2023:02:06:17:29:12:347|LOCK_BUY-Trader-KIND_TO_BUY:USD-QUANTITY_TO_BUY:0.00021140829-BID:0.0002072-TOKEN:40df6592-221d-47d5-90df-7c9bce3d9fa5
BOSE|2023:02:06:17:29:12:347|BUY-TOKEN:40df6592-221d-47d5-90df-7c9bce3d9fa5-OK
BOSE|2023:02:06:17:29:12:485|LOCK_BUY-Trader-KIND_TO_BUY:USD-QUANTITY_TO_BUY:0.0001906883-BID:0.00018689246-TOKEN:bf05b699-f8d1-4a24-aa27-80e68fc7c33c
BOSE|2023:02:06:17:29:12:485|BUY-TOKEN:bf05b699-f8d1-4a24-aa27-80e68fc7c33c-OK
BOSE|2023:02:06:17:29:12:486|LOCK_BUY-Trader-KIND_TO_BUY:USD-QUANTITY_TO_BUY:0.00017199905-BID:0.00016857525-TOKEN:660daad0-16ae-4edc-ad73-c3e1c19d3ca6
BOSE|2023:02:06:17:29:12:486|BUY-TOKEN:660daad0-16ae-4edc-ad73-c3e1c19d3ca6-OK
BOSE|2023:02:06:17:29:12:487|LOCK_BUY-Trader-KIND_TO_BUY:USD-QUANTITY_TO_BUY:0.00015514153-BID:0.0001520533-TOKEN:4b6eebc3-a97d-48ff-830c-d6417968c13d
BOSE|2023:02:06:17:29:12:487|BUY-TOKEN:4b6eebc3-a97d-48ff-830c-d6417968c13d-OK
BOSE|2023:02:06:17:29:12:488|LOCK_BUY-Trader-KIND_TO_BUY:USD-QUANTITY_TO_BUY:0.0001399362-BID:0.00013715064-TOKEN:6f699bfd-a442-4662-a67c-c58feb47df75
BOSE|2023:02:06:17:29:12:488|BUY-TOKEN:6f699bfd-a442-4662-a67c-c58feb47df75-OK
BOSE|2023:02:06:17:29:12:489|LOCK_BUY-Trader-KIND_TO_BUY:USD-QUANTITY_TO_BUY:0.00012622113-BID:0.00012370858-TOKEN:581a18f6-dc5a-4a97-b03c-142af13d2731
BOSE|2023:02:06:17:29:12:490|BUY-TOKEN:581a18f6-dc5a-4a97-b03c-142af13d2731-OK
BOSE|2023:02:06:17:29:12:491|LOCK_BUY-Trader-KIND_TO_BUY:USD-QUANTITY_TO_BUY:0.00011385027-BID:0.00011158397-TOKEN:76123baa-5183-46b8-958f-89d26c797461
BOSE|2023:02:06:17:29:12:491|BUY-TOKEN:76123baa-5183-46b8-958f-89d26c797461-OK
BOSE|2023:02:06:17:29:12:492|LOCK_BUY-Trader-KIND_TO_BUY:USD-QUANTITY_TO_BUY:0.000102691876-BID:0.000100647696-TOKEN:9ace005a-6180-4472-ba48-684237580197
BOSE|2023:02:06:17:29:12:492|BUY-TOKEN:9ace005a-6180-4472-ba48-684237580197-OK
BOSE|2023:02:06:17:29:12:493|LOCK_BUY-Trader-KIND_TO_BUY:USD-QUANTITY_TO_BUY:0.00009262711-BID:0.00009078327-TOKEN:a3eee119-d0eb-4b75-8fc8-a756875a2e97
BOSE|2023:02:06:17:29:12:493|BUY-TOKEN:a3eee119-d0eb-4b75-8fc8-a756875a2e97-OK
BOSE|2023:02:06:17:29:12:494|LOCK_BUY-Trader-KIND_TO_BUY:USD-QUANTITY_TO_BUY:0.00008354878-BID:0.00008188566-TOKEN:82898343-8261-490b-acca-9b0a1c128cfa
BOSE|2023:02:06:17:29:12:494|BUY-TOKEN:82898343-8261-490b-acca-9b0a1c128cfa-OK
BOSE|2023:02:06:17:29:12:495|LOCK_BUY-Trader-KIND_TO_BUY:USD-QUANTITY_TO_BUY:0.000075360214-BID:0.0000738601-TOKEN:fc0830e3-498e-477b-b31a-b2ae526f6ac6
BOSE|2023:02:06:17:29:12:495|BUY-TOKEN:fc0830e3-498e-477b-b31a-b2ae526f6ac6-OK
BOSE|2023:02:06:17:29:12:644|LOCK_BUY-Trader-KIND_TO_BUY:USD-QUANTITY_TO_BUY:0.0000679742-BID:0.000066621105-TOKEN:31ee2412-ce21-4787-8f32-1c91713b93b9
BOSE|2023:02:06:17:29:12:644|BUY-TOKEN:31ee2412-ce21-4787-8f32-1c91713b93b9-OK
BOSE|2023:02:06:17:29:12:645|LOCK_BUY-Trader-KIND_TO_BUY:USD-QUANTITY_TO_BUY:0.000061312094-BID:0.000060091617-TOKEN:b9f3c264-40c2-4297-8fce-636c52957783
BOSE|2023:02:06:17:29:12:645|BUY-TOKEN:b9f3c264-40c2-4297-8fce-636c52957783-OK
BOSE|2023:02:06:17:29:12:646|LOCK_BUY-Trader-KIND_TO_BUY:USD-QUANTITY_TO_BUY:0.00005530293-BID:0.000054202075-TOKEN:f260e481-f02e-4d4d-ac80-10559022e939
BOSE|2023:02:06:17:29:12:646|BUY-TOKEN:f260e481-f02e-4d4d-ac80-10559022e939-OK
BOSE|2023:02:06:17:29:12:647|LOCK_BUY-Trader-KIND_TO_BUY:USD-QUANTITY_TO_BUY:0.00004988272-BID:0.00004888976-TOKEN:36232397-0ad2-4db2-af38-4c1443e6be90
BOSE|2023:02:06:17:29:12:647|BUY-TOKEN:36232397-0ad2-4db2-af38-4c1443e6be90-OK
BOSE|2023:02:06:17:29:12:648|LOCK_BUY-Trader-KIND_TO_BUY:USD-QUANTITY_TO_BUY:0.000044993743-BID:0.000044098102-TOKEN:6d5d5729-62eb-4527-bc93-d3e97f08ed01
BOSE|2023:02:06:17:29:12:649|BUY-TOKEN:6d5d5729-62eb-4527-bc93-d3e97f08ed01-OK
BOSE|2023:02:06:17:29:12:650|LOCK_BUY-Trader-KIND_TO_BUY:USD-QUANTITY_TO_BUY:0.000040583935-BID:0.000039776074-TOKEN:67a6fca7-9029-447c-a279-8ce25b2535fa
BOSE|2023:02:06:17:29:12:650|BUY-TOKEN:67a6fca7-9029-447c-a279-8ce25b2535fa-OK
BOSE|2023:02:06:17:29:12:651|LOCK_BUY-Trader-KIND_TO_BUY:USD-QUANTITY_TO_BUY:0.000036606325-BID:0.00003587764-TOKEN:17bd3e6c-7ba6-4a41-b425-e856d8a45f9f
BOSE|2023:02:06:17:29:12:651|BUY-TOKEN:17bd3e6c-7ba6-4a41-b425-e856d8a45f9f-OK
BOSE|2023:02:06:17:29:12:652|LOCK_BUY-Trader-KIND_TO_BUY:USD-QUANTITY_TO_BUY:0.000033018565-BID:0.0000323613-TOKEN:f747007d-b9b4-4810-ad63-45f15d2219a3
BOSE|2023:02:06:17:29:12:652|BUY-TOKEN:f747007d-b9b4-4810-ad63-45f15d2219a3-OK
BOSE|2023:02:06:17:29:12:653|LOCK_BUY-Trader-KIND_TO_BUY:USD-QUANTITY_TO_BUY:0.000029782434-BID:0.000029189587-TOKEN:b307e640-d606-4073-8747-cbca475edb84
BOSE|2023:02:06:17:29:12:653|BUY-TOKEN:b307e640-d606-4073-8747-cbca475edb84-OK
BOSE|2023:02:06:17:29:12:654|LOCK_BUY-Trader-KIND_TO_BUY:USD-QUANTITY_TO_BUY:0.000026863472-BID:0.00002632873-TOKEN:0bc3c207-466e-4f0a-af63-af0608950102
BOSE|2023:02:06:17:29:12:654|BUY-TOKEN:0bc3c207-466e-4f0a-af63-af0608950102-OK
BOSE|2023:02:06:17:29:12:828|LOCK_BUY-Trader-KIND_TO_BUY:USD-QUANTITY_TO_BUY:0.000024230601-BID:0.000023748269-TOKEN:0f295428-9c31-4659-a4c2-378a2612b411
BOSE|2023:02:06:17:29:12:828|BUY-TOKEN:0f295428-9c31-4659-a4c2-378a2612b411-OK
BOSE|2023:02:06:17:29:12:829|LOCK_BUY-Trader-KIND_TO_BUY:USD-QUANTITY_TO_BUY:0.000021855773-BID:0.000021420712-TOKEN:3344fb2e-48ac-4647-a0e8-3f489c3bc866
BOSE|2023:02:06:17:29:12:829|BUY-TOKEN:3344fb2e-48ac-4647-a0e8-3f489c3bc866-OK
BOSE|2023:02:06:17:29:12:830|LOCK_BUY-Trader-KIND_TO_BUY:USD-QUANTITY_TO_BUY:0.000019713701-BID:0.000019321282-TOKEN:4db4cc85-d64c-4f3c-beab-c74ddb83c88e
BOSE|2023:02:06:17:29:12:830|BUY-TOKEN:4db4cc85-d64c-4f3c-beab-c74ddb83c88e-OK
BOSE|2023:02:06:17:29:12:831|LOCK_BUY-Trader-KIND_TO_BUY:USD-QUANTITY_TO_BUY:0.000017781575-BID:0.000017427616-TOKEN:1e8f5fbe-bf7f-4490-b28e-2dc7d0362d0f
BOSE|2023:02:06:17:29:12:831|BUY-TOKEN:1e8f5fbe-bf7f-4490-b28e-2dc7d0362d0f-OK
BOSE|2023:02:06:17:29:12:832|LOCK_BUY-Trader-KIND_TO_BUY:USD-QUANTITY_TO_BUY:0.000016038812-BID:0.000015719545-TOKEN:10da2c67-da77-420c-bb98-4b37f59cfa2e
BOSE|2023:02:06:17:29:12:832|BUY-TOKEN:10da2c67-da77-420c-bb98-4b37f59cfa2e-OK
BOSE|2023:02:06:17:29:12:833|LOCK_BUY-Trader-KIND_TO_BUY:USD-QUANTITY_TO_BUY:0.0000144668575-BID:0.000014178881-TOKEN:8ed2136d-bf5a-4ea9-8283-8d8fd82a33fa
BOSE|2023:02:06:17:29:12:833|BUY-TOKEN:8ed2136d-bf5a-4ea9-8283-8d8fd82a33fa-OK
BOSE|2023:02:06:17:29:12:834|LOCK_BUY-Trader-KIND_TO_BUY:USD-QUANTITY_TO_BUY:0.00001304897-BID:0.000012789217-TOKEN:26a03f89-7edc-48ca-9cb8-b6b3ba91d774
BOSE|2023:02:06:17:29:12:835|BUY-TOKEN:26a03f89-7edc-48ca-9cb8-b6b3ba91d774-OK
BOSE|2023:02:06:17:29:12:835|LOCK_BUY-Trader-KIND_TO_BUY:USD-QUANTITY_TO_BUY:0.000011770048-BID:0.000011535754-TOKEN:ee2ca380-73db-40a0-8d49-353a43465224
BOSE|2023:02:06:17:29:12:836|BUY-TOKEN:ee2ca380-73db-40a0-8d49-353a43465224-OK
BOSE|2023:02:06:17:29:12:837|LOCK_BUY-Trader-KIND_TO_BUY:USD-QUANTITY_TO_BUY:0.0000106164725-BID:0.000010405142-TOKEN:ad72ca14-b9ff-4889-85d7-2d4b559346d1
BOSE|2023:02:06:17:29:12:837|BUY-TOKEN:ad72ca14-b9ff-4889-85d7-2d4b559346d1-OK
BOSE|2023:02:06:17:29:12:838|LOCK_BUY-Trader-KIND_TO_BUY:USD-QUANTITY_TO_BUY:0.000009575959-BID:0.0000093853405-TOKEN:15666df4-b5b9-4bc3-905d-d85188856d19
BOSE|2023:02:06:17:29:12:838|BUY-TOKEN:15666df4-b5b9-4bc3-905d-d85188856d19-OK
BOSE|2023:02:06:17:29:12:995|LOCK_BUY-Trader-KIND_TO_BUY:USD-QUANTITY_TO_BUY:0.000008637425-BID:0.0000084654885-TOKEN:ac1edd8d-27b7-472d-9368-a8ed053bc1f2
BOSE|2023:02:06:17:29:12:995|BUY-TOKEN:ac1edd8d-27b7-472d-9368-a8ed053bc1f2-OK
BOSE|2023:02:06:17:29:12:996|LOCK_BUY-Trader-KIND_TO_BUY:USD-QUANTITY_TO_BUY:0.000007790875-BID:0.00000763579-TOKEN:cf1d1f4c-3c5a-4cae-9b33-ba35ced02056
BOSE|2023:02:06:17:29:12:996|BUY-TOKEN:cf1d1f4c-3c5a-4cae-9b33-ba35ced02056-OK
BOSE|2023:02:06:17:29:12:997|LOCK_BUY-Trader-KIND_TO_BUY:USD-QUANTITY_TO_BUY:0.0000070272968-BID:0.0000068874115-TOKEN:32f23c57-1bc0-495e-a98d-a04a44074ca6
BOSE|2023:02:06:17:29:12:997|BUY-TOKEN:32f23c57-1bc0-495e-a98d-a04a44074ca6-OK
BOSE|2023:02:06:17:29:12:998|LOCK_BUY-Trader-KIND_TO_BUY:USD-QUANTITY_TO_BUY:0.000006338555-BID:0.00000621238-TOKEN:b22006e2-15ac-4d12-875f-07ecec297efc
BOSE|2023:02:06:17:29:12:998|BUY-TOKEN:b22006e2-15ac-4d12-875f-07ecec297efc-OK
BOSE|2023:02:06:17:29:12:999|LOCK_BUY-Trader-KIND_TO_BUY:USD-QUANTITY_TO_BUY:0.0000057173174-BID:0.0000056035087-TOKEN:feffde7d-41fe-4e97-93c2-1736897c4709
BOSE|2023:02:06:17:29:12:999|BUY-TOKEN:feffde7d-41fe-4e97-93c2-1736897c4709-OK
BOSE|2023:02:06:17:29:13:000|LOCK_BUY-Trader-KIND_TO_BUY:USD-QUANTITY_TO_BUY:0.0000051569664-BID:0.0000050543117-TOKEN:a896b47a-c4dc-45e7-ba73-8bdef3843a87
BOSE|2023:02:06:17:29:13:000|BUY-TOKEN:a896b47a-c4dc-45e7-ba73-8bdef3843a87-OK
BOSE|2023:02:06:17:29:13:001|LOCK_BUY-Trader-KIND_TO_BUY:USD-QUANTITY_TO_BUY:0.000004651535-BID:0.000004558942-TOKEN:be4f1550-b2f6-4d33-8133-da5c61a8c619
BOSE|2023:02:06:17:29:13:002|BUY-TOKEN:be4f1550-b2f6-4d33-8133-da5c61a8c619-OK
BOSE|2023:02:06:17:29:13:002|LOCK_BUY-Trader-KIND_TO_BUY:USD-QUANTITY_TO_BUY:0.000004195641-BID:0.0000041121225-TOKEN:17c8f293-0f4d-43c8-8562-ec548f4e4e68
BOSE|2023:02:06:17:29:13:003|BUY-TOKEN:17c8f293-0f4d-43c8-8562-ec548f4e4e68-OK
BOSE|2023:02:06:17:29:13:004|LOCK_BUY-Trader-KIND_TO_BUY:USD-QUANTITY_TO_BUY:0.0000037844286-BID:0.000003709096-TOKEN:2fb6a88b-e2af-4a4e-8fef-a94989c04da0
BOSE|2023:02:06:17:29:13:004|BUY-TOKEN:2fb6a88b-e2af-4a4e-8fef-a94989c04da0-OK
BOSE|2023:02:06:17:29:13:005|LOCK_BUY-Trader-KIND_TO_BUY:USD-QUANTITY_TO_BUY:0.0000034135187-BID:0.0000033455694-TOKEN:9dd442fa-ccd7-41ad-aaab-40dff30b87da
BOSE|2023:02:06:17:29:13:005|BUY-TOKEN:9dd442fa-ccd7-41ad-aaab-40dff30b87da-OK
BOSE|2023:02:06:17:29:13:144|LOCK_BUY-Trader-KIND_TO_BUY:USD-QUANTITY_TO_BUY:0.000003078962-BID:0.0000030176723-TOKEN:b81b2958-1b7a-4e31-9b96-606a1f2bdff5
BOSE|2023:02:06:17:29:13:144|BUY-TOKEN:b81b2958-1b7a-4e31-9b96-606a1f2bdff5-OK
BOSE|2023:02:06:17:29:13:145|LOCK_BUY-Trader-KIND_TO_BUY:USD-QUANTITY_TO_BUY:0.0000027771946-BID:0.0000027219119-TOKEN:5cf316bd-7e2c-40cf-810a-50ebdffa3da8
BOSE|2023:02:06:17:29:13:145|BUY-TOKEN:5cf316bd-7e2c-40cf-810a-50ebdffa3da8-OK
BOSE|2023:02:06:17:29:13:146|LOCK_BUY-Trader-KIND_TO_BUY:USD-QUANTITY_TO_BUY:0.0000025050035-BID:0.000002455139-TOKEN:0ea2157d-9f51-422a-8ef4-74aff88aa555
BOSE|2023:02:06:17:29:13:146|BUY-TOKEN:0ea2157d-9f51-422a-8ef4-74aff88aa555-OK
BOSE|2023:02:06:17:29:13:147|LOCK_BUY-Trader-KIND_TO_BUY:USD-QUANTITY_TO_BUY:0.0000022594895-BID:0.0000022145123-TOKEN:d847a61b-a292-486b-bb68-a34cac14a402
BOSE|2023:02:06:17:29:13:147|BUY-TOKEN:d847a61b-a292-486b-bb68-a34cac14a402-OK
BOSE|2023:02:06:17:29:13:148|LOCK_BUY-Trader-KIND_TO_BUY:USD-QUANTITY_TO_BUY:0.0000020380382-BID:0.000001997469-TOKEN:9cb8a745-6824-4c06-aac4-a07fc611b6e0
BOSE|2023:02:06:17:29:13:148|BUY-TOKEN:9cb8a745-6824-4c06-aac4-a07fc611b6e0-OK
BOSE|2023:02:06:17:29:13:149|LOCK_BUY-Trader-KIND_TO_BUY:USD-QUANTITY_TO_BUY:0.0000018382914-BID:0.0000018016985-TOKEN:0dec3253-14bf-45e5-82f6-20b59447a778
BOSE|2023:02:06:17:29:13:149|BUY-TOKEN:0dec3253-14bf-45e5-82f6-20b59447a778-OK
BOSE|2023:02:06:17:29:13:150|LOCK_BUY-Trader-KIND_TO_BUY:USD-QUANTITY_TO_BUY:0.0000016581216-BID:0.0000016251151-TOKEN:f90718bd-aef9-418f-9da8-e97daf68d67b
BOSE|2023:02:06:17:29:13:150|BUY-TOKEN:f90718bd-aef9-418f-9da8-e97daf68d67b-OK
BOSE|2023:02:06:17:29:13:151|LOCK_BUY-Trader-KIND_TO_BUY:USD-QUANTITY_TO_BUY:0.0000014956101-BID:0.0000014658386-TOKEN:c870d0cf-24f9-4c7e-b52c-e102371c0189
BOSE|2023:02:06:17:29:13:152|BUY-TOKEN:c870d0cf-24f9-4c7e-b52c-e102371c0189-OK
BOSE|2023:02:06:17:29:13:152|LOCK_BUY-Trader-KIND_TO_BUY:USD-QUANTITY_TO_BUY:0.0000013490262-BID:0.0000013221726-TOKEN:c76acc53-737f-40d1-8a4c-ad03db359ada
BOSE|2023:02:06:17:29:13:153|BUY-TOKEN:c76acc53-737f-40d1-8a4c-ad03db359ada-OK
BOSE|2023:02:06:17:29:13:154|LOCK_BUY-Trader-KIND_TO_BUY:USD-QUANTITY_TO_BUY:0.000001216809-BID:0.0000011925872-TOKEN:7c898ae0-5284-4fbe-9c95-dad0bc4187b1
BOSE|2023:02:06:17:29:13:154|BUY-TOKEN:7c898ae0-5284-4fbe-9c95-dad0bc4187b1-OK
BOSE|2023:02:06:17:29:13:298|LOCK_BUY-Trader-KIND_TO_BUY:USD-QUANTITY_TO_BUY:0.0000010975502-BID:0.0000010757025-TOKEN:e7f8a850-bfba-46ff-81ab-5cf6c10f95b0
BOSE|2023:02:06:17:29:13:298|BUY-TOKEN:e7f8a850-bfba-46ff-81ab-5cf6c10f95b0-OK
BOSE|2023:02:06:17:29:13:299|LOCK_BUY-Trader-KIND_TO_BUY:USD-QUANTITY_TO_BUY:0.00000098998-BID:0.0000009702735-TOKEN:ab180978-54ed-4358-a7b0-23352cc1d578
BOSE|2023:02:06:17:29:13:299|BUY-TOKEN:ab180978-54ed-4358-a7b0-23352cc1d578-OK
BOSE|2023:02:06:17:29:13:300|LOCK_BUY-Trader-KIND_TO_BUY:USD-QUANTITY_TO_BUY:0.00000089295264-BID:0.00000087517753-TOKEN:dceb6f6d-9261-49ed-b814-1e1784dd9049
BOSE|2023:02:06:17:29:13:300|BUY-TOKEN:dceb6f6d-9261-49ed-b814-1e1784dd9049-OK
BOSE|2023:02:06:17:29:13:301|LOCK_BUY-Trader-KIND_TO_BUY:USD-QUANTITY_TO_BUY:0.00000080543487-BID:0.0000007894019-TOKEN:c0fdd615-147c-4406-93e0-4d47a5829edf
BOSE|2023:02:06:17:29:13:301|BUY-TOKEN:c0fdd615-147c-4406-93e0-4d47a5829edf-OK
BOSE|2023:02:06:17:29:13:302|LOCK_BUY-Trader-KIND_TO_BUY:USD-QUANTITY_TO_BUY:0.0000007264947-BID:0.00000071203317-TOKEN:e9025b2a-f520-47a4-b423-16ed907214cc
BOSE|2023:02:06:17:29:13:302|BUY-TOKEN:e9025b2a-f520-47a4-b423-16ed907214cc-OK
BOSE|2023:02:06:17:29:13:303|LOCK_BUY-Trader-KIND_TO_BUY:USD-QUANTITY_TO_BUY:0.0000006552914-BID:0.0000006422472-TOKEN:f590ca3c-9851-4504-bede-eba7cd146bdb
BOSE|2023:02:06:17:29:13:303|BUY-TOKEN:f590ca3c-9851-4504-bede-eba7cd146bdb-OK
BOSE|2023:02:06:17:29:13:304|LOCK_BUY-Trader-KIND_TO_BUY:USD-QUANTITY_TO_BUY:0.0000005910667-BID:0.0000005793009-TOKEN:0728782b-89b1-489e-b709-077a15e855df
BOSE|2023:02:06:17:29:13:304|BUY-TOKEN:0728782b-89b1-489e-b709-077a15e855df-OK
BOSE|2023:02:06:17:29:13:305|LOCK_BUY-Trader-KIND_TO_BUY:USD-QUANTITY_TO_BUY:0.0000005331366-BID:0.000000522524-TOKEN:aa4f3813-d556-4af0-a8c0-e3fe9a0c20a2
BOSE|2023:02:06:17:29:13:305|BUY-TOKEN:aa4f3813-d556-4af0-a8c0-e3fe9a0c20a2-OK
BOSE|2023:02:06:17:29:13:306|LOCK_BUY-Trader-KIND_TO_BUY:USD-QUANTITY_TO_BUY:0.00000048088424-BID:0.00000047131178-TOKEN:d6957122-d761-4f33-86cd-34f9f8d1fa8a
BOSE|2023:02:06:17:29:13:306|BUY-TOKEN:d6957122-d761-4f33-86cd-34f9f8d1fa8a-OK
BOSE|2023:02:06:17:29:13:307|LOCK_BUY-Trader-KIND_TO_BUY:USD-QUANTITY_TO_BUY:0.00000043375303-BID:0.00000042511877-TOKEN:a9a69ddd-818e-4e1e-bb5a-f6b55cac9fdb
BOSE|2023:02:06:17:29:13:308|BUY-TOKEN:a9a69ddd-818e-4e1e-bb5a-f6b55cac9fdb-OK
BOSE|2023:02:06:17:29:13:461|LOCK_BUY-Trader-KIND_TO_BUY:USD-QUANTITY_TO_BUY:0.00000039124114-BID:0.00000038345314-TOKEN:4965549a-7382-4dd6-afff-edb3080d86d4
BOSE|2023:02:06:17:29:13:461|BUY-TOKEN:4965549a-7382-4dd6-afff-edb3080d86d4-OK
BOSE|2023:02:06:17:29:13:462|LOCK_BUY-Trader-KIND_TO_BUY:USD-QUANTITY_TO_BUY:0.00000035289582-BID:0.0000003458711-TOKEN:2f4cbefd-1b6c-4678-ba09-8ca4a05024d7
BOSE|2023:02:06:17:29:13:462|BUY-TOKEN:2f4cbefd-1b6c-4678-ba09-8ca4a05024d7-OK
BOSE|2023:02:06:17:29:13:463|LOCK_BUY-Trader-KIND_TO_BUY:USD-QUANTITY_TO_BUY:0.00000031830874-BID:0.00000031197249-TOKEN:6c7df3a6-0dc7-41f7-a9be-c875ad3e1b32
BOSE|2023:02:06:17:29:13:463|BUY-TOKEN:6c7df3a6-0dc7-41f7-a9be-c875ad3e1b32-OK
BOSE|2023:02:06:17:29:13:464|LOCK_BUY-Trader-KIND_TO_BUY:USD-QUANTITY_TO_BUY:0.00000028711148-BID:0.00000028139624-TOKEN:b7c9673c-f0f9-473e-bbf7-5bbee4e1893b
BOSE|2023:02:06:17:29:13:464|BUY-TOKEN:b7c9673c-f0f9-473e-bbf7-5bbee4e1893b-OK
BOSE|2023:02:06:17:29:13:465|LOCK_BUY-Trader-KIND_TO_BUY:USD-QUANTITY_TO_BUY:0.00000025897185-BID:0.00000025381678-TOKEN:02c8b694-6608-42fc-b8ac-7241269ae7dc
BOSE|2023:02:06:17:29:13:465|BUY-TOKEN:02c8b694-6608-42fc-b8ac-7241269ae7dc-OK
BOSE|2023:02:06:17:29:13:466|LOCK_BUY-Trader-KIND_TO_BUY:USD-QUANTITY_TO_BUY:0.00000023359016-BID:0.00000022894032-TOKEN:4d32c414-fc9b-4ada-a5cc-88ca3cf30bad
BOSE|2023:02:06:17:29:13:466|BUY-TOKEN:4d32c414-fc9b-4ada-a5cc-88ca3cf30bad-OK
BOSE|2023:02:06:17:29:13:467|LOCK_BUY-Trader-KIND_TO_BUY:USD-QUANTITY_TO_BUY:0.00000021069613-BID:0.00000020650202-TOKEN:8fea3cff-bce2-47b5-bc17-6e3e7600fe14
BOSE|2023:02:06:17:29:13:468|BUY-TOKEN:8fea3cff-bce2-47b5-bc17-6e3e7600fe14-OK
BOSE|2023:02:06:17:29:13:469|LOCK_BUY-Trader-KIND_TO_BUY:USD-QUANTITY_TO_BUY:0.00000019004594-BID:0.0000001862629-TOKEN:38b4f66d-6b33-4d33-96b2-b2e252a01348
BOSE|2023:02:06:17:29:13:469|BUY-TOKEN:38b4f66d-6b33-4d33-96b2-b2e252a01348-OK
BOSE|2023:02:06:17:29:13:470|LOCK_BUY-Trader-KIND_TO_BUY:USD-QUANTITY_TO_BUY:0.00000017141964-BID:0.00000016800738-TOKEN:02d7944b-398f-459e-8fad-4c2eabcb171c
BOSE|2023:02:06:17:29:13:470|BUY-TOKEN:02d7944b-398f-459e-8fad-4c2eabcb171c-OK
BOSE|2023:02:06:17:29:13:471|LOCK_BUY-Trader-KIND_TO_BUY:USD-QUANTITY_TO_BUY:0.0000001546189-BID:0.00000015154106-TOKEN:bde2c6bb-918b-4398-8ddb-e6518afd30ea
BOSE|2023:02:06:17:29:13:471|BUY-TOKEN:bde2c6bb-918b-4398-8ddb-e6518afd30ea-OK
BOSE|2023:02:06:17:29:13:624|LOCK_BUY-Trader-KIND_TO_BUY:USD-QUANTITY_TO_BUY:0.00000013946479-BID:0.00000013668861-TOKEN:7154a52f-755d-4c15-a016-355b3bebe3cc
BOSE|2023:02:06:17:29:13:624|BUY-TOKEN:7154a52f-755d-4c15-a016-355b3bebe3cc-OK
BOSE|2023:02:06:17:29:13:625|LOCK_BUY-Trader-KIND_TO_BUY:USD-QUANTITY_TO_BUY:0.00000012579594-BID:0.00000012329184-TOKEN:119e47ca-86e2-4d6d-ab77-c7b71a2a6d7f
BOSE|2023:02:06:17:29:13:625|BUY-TOKEN:119e47ca-86e2-4d6d-ab77-c7b71a2a6d7f-OK
BOSE|2023:02:06:17:29:13:626|LOCK_BUY-Trader-KIND_TO_BUY:USD-QUANTITY_TO_BUY:0.00000011346674-BID:0.00000011120808-TOKEN:96807249-b875-4ef1-953a-d7146bc72fcc
BOSE|2023:02:06:17:29:13:626|BUY-TOKEN:96807249-b875-4ef1-953a-d7146bc72fcc-OK
BOSE|2023:02:06:17:29:13:627|LOCK_BUY-Trader-KIND_TO_BUY:USD-QUANTITY_TO_BUY:0.00000010234593-BID:0.00000010030863-TOKEN:f70ec666-18d5-4150-844f-31c4e6a8c17f
BOSE|2023:02:06:17:29:13:627|BUY-TOKEN:f70ec666-18d5-4150-844f-31c4e6a8c17f-OK
BOSE|2023:02:06:17:29:13:628|LOCK_BUY-Trader-KIND_TO_BUY:USD-QUANTITY_TO_BUY:0.00000009231506-BID:0.00000009047744-TOKEN:40702a10-e804-4c3b-916a-995316214ed1
BOSE|2023:02:06:17:29:13:628|BUY-TOKEN:40702a10-e804-4c3b-916a-995316214ed1-OK
BOSE|2023:02:06:17:29:13:629|LOCK_BUY-Trader-KIND_TO_BUY:USD-QUANTITY_TO_BUY:0.000000083267324-BID:0.000000081609805-TOKEN:9745f050-2b8b-49ec-8867-bf6717fa9a30
BOSE|2023:02:06:17:29:13:629|BUY-TOKEN:9745f050-2b8b-49ec-8867-bf6717fa9a30-OK
BOSE|2023:02:06:17:29:13:630|LOCK_BUY-Trader-KIND_TO_BUY:USD-QUANTITY_TO_BUY:0.00000007510634-BID:0.000000073611275-TOKEN:3a73629c-afd5-4ff6-9913-406c15ff9571
BOSE|2023:02:06:17:29:13:631|BUY-TOKEN:3a73629c-afd5-4ff6-9913-406c15ff9571-OK
BOSE|2023:02:06:17:29:13:631|LOCK_BUY-Trader-KIND_TO_BUY:USD-QUANTITY_TO_BUY:0.00000006774521-BID:0.00000006639668-TOKEN:d1ee833e-5226-45da-b320-74b74f03a604
BOSE|2023:02:06:17:29:13:632|BUY-TOKEN:d1ee833e-5226-45da-b320-74b74f03a604-OK
BOSE|2023:02:06:17:29:13:632|LOCK_BUY-Trader-KIND_TO_BUY:USD-QUANTITY_TO_BUY:0.000000061105546-BID:0.00000005988918-TOKEN:e729c247-2451-4a9e-a13e-c0ce4fb497e9
BOSE|2023:02:06:17:29:13:633|BUY-TOKEN:e729c247-2451-4a9e-a13e-c0ce4fb497e9-OK
BOSE|2023:02:06:17:29:13:633|LOCK_BUY-Trader-KIND_TO_BUY:USD-QUANTITY_TO_BUY:0.000000055116622-BID:0.000000054019473-TOKEN:68789c17-4700-427f-9d81-102b752e65f6
BOSE|2023:02:06:17:29:13:634|BUY-TOKEN:68789c17-4700-427f-9d81-102b752e65f6-OK
BOSE|2023:02:06:17:29:13:772|LOCK_BUY-Trader-KIND_TO_BUY:USD-QUANTITY_TO_BUY:0.000000049714675-BID:0.000000048725056-TOKEN:09edd892-64b2-4671-b673-8259143eedf2
BOSE|2023:02:06:17:29:13:772|BUY-TOKEN:09edd892-64b2-4671-b673-8259143eedf2-OK
BOSE|2023:02:06:17:29:13:773|LOCK_BUY-Trader-KIND_TO_BUY:USD-QUANTITY_TO_BUY:0.00000004484217-BID:0.000000043949544-TOKEN:fca70681-2d18-482e-9c76-31dcf4049b13
BOSE|2023:02:06:17:29:13:773|BUY-TOKEN:fca70681-2d18-482e-9c76-31dcf4049b13-OK
BOSE|2023:02:06:17:29:13:774|LOCK_BUY-Trader-KIND_TO_BUY:USD-QUANTITY_TO_BUY:0.000000040447215-BID:0.000000039642075-TOKEN:7a755cee-f0c8-4041-a911-6e5c17f39084
BOSE|2023:02:06:17:29:13:774|BUY-TOKEN:7a755cee-f0c8-4041-a911-6e5c17f39084-OK
BOSE|2023:02:06:17:29:13:775|LOCK_BUY-Trader-KIND_TO_BUY:USD-QUANTITY_TO_BUY:0.00000003648301-BID:0.000000035756777-TOKEN:6304f174-6bef-4560-ad07-f0fc6ce8503f
BOSE|2023:02:06:17:29:13:775|BUY-TOKEN:6304f174-6bef-4560-ad07-f0fc6ce8503f-OK
BOSE|2023:02:06:17:29:13:776|LOCK_BUY-Trader-KIND_TO_BUY:USD-QUANTITY_TO_BUY:0.00000003290733-BID:0.00000003225228-TOKEN:95bbfecd-93b1-4c39-a867-dfe2adeb62da
BOSE|2023:02:06:17:29:13:776|BUY-TOKEN:95bbfecd-93b1-4c39-a867-dfe2adeb62da-OK
BOSE|2023:02:06:17:29:13:777|LOCK_BUY-Trader-KIND_TO_BUY:USD-QUANTITY_TO_BUY:0.000000029682104-BID:0.000000029091252-TOKEN:59b77254-ff8f-4dad-be36-2eb2405b3e7c
BOSE|2023:02:06:17:29:13:777|BUY-TOKEN:59b77254-ff8f-4dad-be36-2eb2405b3e7c-OK
BOSE|2023:02:06:17:29:13:778|LOCK_BUY-Trader-KIND_TO_BUY:USD-QUANTITY_TO_BUY:0.00000002677298-BID:0.00000002624004-TOKEN:ad45c0c5-0bde-45c8-bd46-32fb30ab34d6
BOSE|2023:02:06:17:29:13:779|BUY-TOKEN:ad45c0c5-0bde-45c8-bd46-32fb30ab34d6-OK
BOSE|2023:02:06:17:29:13:780|LOCK_BUY-Trader-KIND_TO_BUY:USD-QUANTITY_TO_BUY:0.000000024148978-BID:0.00000002366827-TOKEN:9a99f29d-64c8-4c39-8115-13d928c7d8a8
BOSE|2023:02:06:17:29:13:780|BUY-TOKEN:9a99f29d-64c8-4c39-8115-13d928c7d8a8-OK
BOSE|2023:02:06:17:29:13:781|LOCK_BUY-Trader-KIND_TO_BUY:USD-QUANTITY_TO_BUY:0.000000021782151-BID:0.000000021348557-TOKEN:8726fb54-7e8d-4e5e-b3d7-7218b74c8e2c
BOSE|2023:02:06:17:29:13:781|BUY-TOKEN:8726fb54-7e8d-4e5e-b3d7-7218b74c8e2c-OK
BOSE|2023:02:06:17:29:13:782|LOCK_BUY-Trader-KIND_TO_BUY:USD-QUANTITY_TO_BUY:0.000000019647295-BID:0.000000019256197-TOKEN:42689c11-2913-4a74-bd5b-b4af39ebfb3a
BOSE|2023:02:06:17:29:13:782|BUY-TOKEN:42689c11-2913-4a74-bd5b-b4af39ebfb3a-OK
BOSE|2023:02:06:17:29:13:928|LOCK_BUY-Trader-KIND_TO_BUY:USD-QUANTITY_TO_BUY:0.000000017721677-BID:0.00000001736891-TOKEN:55cc1995-6422-42eb-8c92-922002e836c7
BOSE|2023:02:06:17:29:13:928|BUY-TOKEN:55cc1995-6422-42eb-8c92-922002e836c7-OK
BOSE|2023:02:06:17:29:13:929|LOCK_BUY-Trader-KIND_TO_BUY:USD-QUANTITY_TO_BUY:0.000000015984785-BID:0.000000015666593-TOKEN:afe01fcd-d263-44de-bb6a-4defb7cb45a8
BOSE|2023:02:06:17:29:13:929|BUY-TOKEN:afe01fcd-d263-44de-bb6a-4defb7cb45a8-OK
BOSE|2023:02:06:17:29:13:930|LOCK_BUY-Trader-KIND_TO_BUY:USD-QUANTITY_TO_BUY:0.000000014418125-BID:0.0000000141311185-TOKEN:dcf41470-4d9a-40c9-9f96-ce34e9a6aac6
BOSE|2023:02:06:17:29:13:930|BUY-TOKEN:dcf41470-4d9a-40c9-9f96-ce34e9a6aac6-OK
BOSE|2023:02:06:17:29:13:931|LOCK_BUY-Trader-KIND_TO_BUY:USD-QUANTITY_TO_BUY:0.000000013005014-BID:0.000000012746137-TOKEN:af48186a-9c20-4c80-991d-83709350f7fd
BOSE|2023:02:06:17:29:13:931|BUY-TOKEN:af48186a-9c20-4c80-991d-83709350f7fd-OK
BOSE|2023:02:06:17:29:13:932|LOCK_BUY-Trader-KIND_TO_BUY:USD-QUANTITY_TO_BUY:0.000000011730401-BID:0.000000011496896-TOKEN:a4ac334d-3d5f-47d3-bade-434a7da773ad
BOSE|2023:02:06:17:29:13:932|BUY-TOKEN:a4ac334d-3d5f-47d3-bade-434a7da773ad-OK
BOSE|2023:02:06:17:29:13:933|LOCK_BUY-Trader-KIND_TO_BUY:USD-QUANTITY_TO_BUY:0.000000010580711-BID:0.000000010370092-TOKEN:7eaabf4a-9116-47d6-b428-520e951a5840
BOSE|2023:02:06:17:29:13:933|BUY-TOKEN:7eaabf4a-9116-47d6-b428-520e951a5840-OK
BOSE|2023:02:06:17:29:13:934|LOCK_BUY-Trader-KIND_TO_BUY:USD-QUANTITY_TO_BUY:0.000000009543702-BID:0.000000009353726-TOKEN:db1961e8-fb23-4484-8f36-663f1da4b9c7
BOSE|2023:02:06:17:29:13:934|BUY-TOKEN:db1961e8-fb23-4484-8f36-663f1da4b9c7-OK
BOSE|2023:02:06:17:29:13:935|LOCK_BUY-Trader-KIND_TO_BUY:USD-QUANTITY_TO_BUY:0.000000008608329-BID:0.000000008436972-TOKEN:c401a808-d0b2-483a-93de-ab8471f669e5
BOSE|2023:02:06:17:29:13:935|BUY-TOKEN:c401a808-d0b2-483a-93de-ab8471f669e5-OK
BOSE|2023:02:06:17:29:13:936|LOCK_BUY-Trader-KIND_TO_BUY:USD-QUANTITY_TO_BUY:0.000000007764632-BID:0.000000007610069-TOKEN:62a8da5e-4e86-4b54-b620-f305e0b58954
BOSE|2023:02:06:17:29:13:937|BUY-TOKEN:62a8da5e-4e86-4b54-b620-f305e0b58954-OK
BOSE|2023:02:06:17:29:13:938|LOCK_BUY-Trader-KIND_TO_BUY:USD-QUANTITY_TO_BUY:0.0000000070036252-BID:0.0000000068642114-TOKEN:13876881-0ece-418d-a450-19a91dd1c179
BOSE|2023:02:06:17:29:13:938|BUY-TOKEN:13876881-0ece-418d-a450-19a91dd1c179-OK
BOSE|2023:02:06:17:29:14:099|LOCK_BUY-Trader-KIND_TO_BUY:USD-QUANTITY_TO_BUY:0.0000000063172036-BID:0.0000000061914536-TOKEN:761e2ca2-9e54-47ac-9411-cab926c35273
BOSE|2023:02:06:17:29:14:099|BUY-TOKEN:761e2ca2-9e54-47ac-9411-cab926c35273-OK
BOSE|2023:02:06:17:29:14:100|LOCK_BUY-Trader-KIND_TO_BUY:USD-QUANTITY_TO_BUY:0.0000000056980585-BID:0.000000005584633-TOKEN:313f647e-f564-43d7-8509-1c43f896be6e
BOSE|2023:02:06:17:29:14:100|BUY-TOKEN:313f647e-f564-43d7-8509-1c43f896be6e-OK
BOSE|2023:02:06:17:29:14:101|LOCK_BUY-Trader-KIND_TO_BUY:USD-QUANTITY_TO_BUY:0.000000005139595-BID:0.0000000050372866-TOKEN:30c15328-c835-4c2b-9253-74b8c56e7847
BOSE|2023:02:06:17:29:14:101|BUY-TOKEN:30c15328-c835-4c2b-9253-74b8c56e7847-OK
BOSE|2023:02:06:17:29:14:102|LOCK_BUY-Trader-KIND_TO_BUY:USD-QUANTITY_TO_BUY:0.0000000046358664-BID:0.000000004543585-TOKEN:b4046343-aee5-4567-8aca-7231f6aa5bd0
BOSE|2023:02:06:17:29:14:102|BUY-TOKEN:b4046343-aee5-4567-8aca-7231f6aa5bd0-OK
BOSE|2023:02:06:17:29:14:103|LOCK_BUY-Trader-KIND_TO_BUY:USD-QUANTITY_TO_BUY:0.0000000041815076-BID:0.000000004098271-TOKEN:ca18b732-5219-4a4a-9156-ccd298bdec54
BOSE|2023:02:06:17:29:14:103|BUY-TOKEN:ca18b732-5219-4a4a-9156-ccd298bdec54-OK
BOSE|2023:02:06:17:29:14:104|LOCK_BUY-Trader-KIND_TO_BUY:USD-QUANTITY_TO_BUY:0.0000000037716807-BID:0.000000003696602-TOKEN:7571331a-9b11-47a7-be2e-90db262d5f28
BOSE|2023:02:06:17:29:14:104|BUY-TOKEN:7571331a-9b11-47a7-be2e-90db262d5f28-OK
BOSE|2023:02:06:17:29:14:105|LOCK_BUY-Trader-KIND_TO_BUY:USD-QUANTITY_TO_BUY:0.0000000034020204-BID:0.0000000033343002-TOKEN:491637cf-ffd7-425e-a599-fb6050e9d127
BOSE|2023:02:06:17:29:14:106|BUY-TOKEN:491637cf-ffd7-425e-a599-fb6050e9d127-OK
BOSE|2023:02:06:17:29:14:107|LOCK_BUY-Trader-KIND_TO_BUY:USD-QUANTITY_TO_BUY:0.0000000030685903-BID:0.0000000030075071-TOKEN:b4b6ead7-9016-4a84-8351-77327ab0b41a
BOSE|2023:02:06:17:29:14:107|BUY-TOKEN:b4b6ead7-9016-4a84-8351-77327ab0b41a-OK
BOSE|2023:02:06:17:29:14:108|LOCK_BUY-Trader-KIND_TO_BUY:USD-QUANTITY_TO_BUY:0.0000000027678397-BID:0.0000000027127431-TOKEN:4d4b792d-e07f-416c-bf2b-9020a8369f4d
BOSE|2023:02:06:17:29:14:108|BUY-TOKEN:4d4b792d-e07f-416c-bf2b-9020a8369f4d-OK
BOSE|2023:02:06:17:29:14:109|LOCK_BUY-Trader-KIND_TO_BUY:USD-QUANTITY_TO_BUY:0.0000000024965652-BID:0.0000000024468687-TOKEN:5bd337b4-b3da-423f-a3f2-bd9f3a05f6b9
BOSE|2023:02:06:17:29:14:109|BUY-TOKEN:5bd337b4-b3da-423f-a3f2-bd9f3a05f6b9-OK
BOSE|2023:02:06:17:29:15:651|LOCK_BUY-Trader-KIND_TO_BUY:USD-QUANTITY_TO_BUY:0.0000000022518782-BID:0.0000000022070525-TOKEN:a82115e7-deeb-440b-a998-ec94f8d58deb
BOSE|2023:02:06:17:29:15:651|BUY-TOKEN:a82115e7-deeb-440b-a998-ec94f8d58deb-OK
BOSE|2023:02:06:17:29:16:260|LOCK_BUY-Trader-KIND_TO_BUY:USD-QUANTITY_TO_BUY:0.000000002031173-BID:0.0000000019907407-TOKEN:c0809fa5-7e46-4035-a7de-7c0bb7a373f9
BOSE|2023:02:06:17:29:16:260|BUY-TOKEN:c0809fa5-7e46-4035-a7de-7c0bb7a373f9-OK
BOSE|2023:02:06:17:29:16:445|LOCK_BUY-Trader-KIND_TO_BUY:USD-QUANTITY_TO_BUY:0.0000000018320991-BID:0.0000000017956295-TOKEN:61ba0918-469a-4cc4-bf00-fda297bd51c9
BOSE|2023:02:06:17:29:16:445|BUY-TOKEN:61ba0918-469a-4cc4-bf00-fda297bd51c9-OK
